<?xml version="1.0" encoding="UTF-8"?>
<testsuite name="ATM33" time="0" tests="122" failures="16">
  <properties>
    <property name="Unit Test Problems" value="0"/>
    <property name="Unit Test Outcomes" value="3"/>
    <property name="Runtime Error Detection Violations" value="5"/>
  </properties>
  <testcase classname="/ATM33/ATM/ATM.cxx" name="TestSuite_ATM_cxx_c326dd0d::test_viewAccount_2" time="0">
    <failure type="Uncaught structured exception" message="Access violation exception [CPPTEST_ACCESS_VIOLATION]"/>
    <system-err>Trace 
Line :14    File :/ATM33/ATM/ATM.cxx    Method :
Line :476    File :/ATM33/tests/autogenerated/ATM/TestSuite_ATM_cxx.cpp    Method :
Line :26    File :/ATM33/tests/autogenerated/ATM/TestSuite_ATM_cxx.cpp    Method :
Line :9    File :/ATM33/tests/autogenerated/ATM/TestSuite_ATM_cxx.cpp    Method :</system-err>
  </testcase>
  <testcase classname="/ATM33/ATM/ATM.cxx" name="TestSuite_ATM_cxx_c326dd0d::test_viewAccount_3" time="0">
    <failure type="Uncaught structured exception" message="Access violation exception [CPPTEST_ACCESS_VIOLATION]"/>
    <system-err>Trace 
Line :14    File :/ATM33/ATM/ATM.cxx    Method :
Line :501    File :/ATM33/tests/autogenerated/ATM/TestSuite_ATM_cxx.cpp    Method :
Line :27    File :/ATM33/tests/autogenerated/ATM/TestSuite_ATM_cxx.cpp    Method :
Line :9    File :/ATM33/tests/autogenerated/ATM/TestSuite_ATM_cxx.cpp    Method :</system-err>
  </testcase>
  <testcase classname="/ATM33/ATM/ATM.cxx" name="TestSuite_ATM_cxx_c326dd0d::test_viewAccount_4" time="0">
    <failure type="Uncaught structured exception" message="Access violation exception [CPPTEST_ACCESS_VIOLATION]"/>
    <system-err>Trace 
Line :14    File :/ATM33/ATM/ATM.cxx    Method :
Line :526    File :/ATM33/tests/autogenerated/ATM/TestSuite_ATM_cxx.cpp    Method :
Line :28    File :/ATM33/tests/autogenerated/ATM/TestSuite_ATM_cxx.cpp    Method :
Line :9    File :/ATM33/tests/autogenerated/ATM/TestSuite_ATM_cxx.cpp    Method :</system-err>
  </testcase>
  <testcase classname="/ATM33/ATM/ATM.cxx" name="TestSuite_ATM_cxx_c326dd0d::test_viewAccount_8" time="0">
    <failure type="Uncaught structured exception" message="Access violation exception [CPPTEST_ACCESS_VIOLATION]"/>
    <system-err>Trace 
Line :14    File :/ATM33/ATM/ATM.cxx    Method :
Line :626    File :/ATM33/tests/autogenerated/ATM/TestSuite_ATM_cxx.cpp    Method :
Line :32    File :/ATM33/tests/autogenerated/ATM/TestSuite_ATM_cxx.cpp    Method :
Line :9    File :/ATM33/tests/autogenerated/ATM/TestSuite_ATM_cxx.cpp    Method :</system-err>
  </testcase>
  <testcase classname="/ATM33/ATM/ATM.cxx" name="TestSuite_ATM_cxx_c326dd0d::test_fillUserRequest_5" time="0">
    <failure type="Uncaught structured exception" message="Access violation exception [CPPTEST_ACCESS_VIOLATION]"/>
    <system-err>Trace 
Line :35    File :/ATM33/ATM/ATM.cxx    Method :
Line :24    File :/ATM33/ATM/ATM.cxx    Method :
Line :301    File :/ATM33/tests/autogenerated/ATM/TestSuite_ATM_cxx.cpp    Method :
Line :19    File :/ATM33/tests/autogenerated/ATM/TestSuite_ATM_cxx.cpp    Method :
Line :9    File :/ATM33/tests/autogenerated/ATM/TestSuite_ATM_cxx.cpp    Method :</system-err>
  </testcase>
  <testcase classname="/ATM33/ATM/ATM.cxx" name="TestSuite_ATM_cxx_c326dd0d::test_fillUserRequest_4" time="0">
    <failure type="Uncaught structured exception" message="Access violation exception [CPPTEST_ACCESS_VIOLATION]"/>
    <system-err>Trace 
Line :42    File :/ATM33/ATM/ATM.cxx    Method :
Line :26    File :/ATM33/ATM/ATM.cxx    Method :
Line :276    File :/ATM33/tests/autogenerated/ATM/TestSuite_ATM_cxx.cpp    Method :
Line :18    File :/ATM33/tests/autogenerated/ATM/TestSuite_ATM_cxx.cpp    Method :
Line :9    File :/ATM33/tests/autogenerated/ATM/TestSuite_ATM_cxx.cpp    Method :</system-err>
  </testcase>
  <testcase classname="/ATM33/ATM/ATM.cxx" name="TestSuite_ATM_cxx_c326dd0d::test_fillUserRequest_8" time="0">
    <failure type="Uncaught structured exception" message="Access violation exception [CPPTEST_ACCESS_VIOLATION]"/>
    <system-err>Trace 
Line :42    File :/ATM33/ATM/ATM.cxx    Method :
Line :26    File :/ATM33/ATM/ATM.cxx    Method :
Line :376    File :/ATM33/tests/autogenerated/ATM/TestSuite_ATM_cxx.cpp    Method :
Line :22    File :/ATM33/tests/autogenerated/ATM/TestSuite_ATM_cxx.cpp    Method :
Line :9    File :/ATM33/tests/autogenerated/ATM/TestSuite_ATM_cxx.cpp    Method :</system-err>
  </testcase>
  <testcase classname="/ATM33/ATM/ATM.cxx" name="TestSuite_ATM_cxx_c326dd0d::test_fillUserRequest_3" time="0">
    <failure type="Uncaught structured exception" message="Access violation exception [CPPTEST_ACCESS_VIOLATION]"/>
    <system-err>Trace 
Line :49    File :/ATM33/ATM/ATM.cxx    Method :
Line :28    File :/ATM33/ATM/ATM.cxx    Method :
Line :251    File :/ATM33/tests/autogenerated/ATM/TestSuite_ATM_cxx.cpp    Method :
Line :17    File :/ATM33/tests/autogenerated/ATM/TestSuite_ATM_cxx.cpp    Method :
Line :9    File :/ATM33/tests/autogenerated/ATM/TestSuite_ATM_cxx.cpp    Method :</system-err>
  </testcase>
  <testcase classname="/ATM33/ATM/ATM.cxx" name="TestSuite_ATM_cxx_c326dd0d::test_fillUserRequest_7" time="0">
    <failure type="Uncaught structured exception" message="Access violation exception [CPPTEST_ACCESS_VIOLATION]"/>
    <system-err>Trace 
Line :49    File :/ATM33/ATM/ATM.cxx    Method :
Line :28    File :/ATM33/ATM/ATM.cxx    Method :
Line :351    File :/ATM33/tests/autogenerated/ATM/TestSuite_ATM_cxx.cpp    Method :
Line :21    File :/ATM33/tests/autogenerated/ATM/TestSuite_ATM_cxx.cpp    Method :
Line :9    File :/ATM33/tests/autogenerated/ATM/TestSuite_ATM_cxx.cpp    Method :</system-err>
  </testcase>
  <testcase classname="/ATM33/ATM/Bank.cxx" name="TestSuite_ATM_cxx_c326dd0d::test_viewAccount_1" time="0">
    <failure type="Uncaught structured exception" message="Access violation exception [CPPTEST_ACCESS_VIOLATION]"/>
    <system-err>Trace 
Line :18    File :/ATM33/ATM/Bank.cxx    Method :
Line :12    File :/ATM33/ATM/ATM.cxx    Method :
Line :425    File :/ATM33/tests/autogenerated/ATM/TestSuite_ATM_cxx.cpp    Method :
Line :24    File :/ATM33/tests/autogenerated/ATM/TestSuite_ATM_cxx.cpp    Method :
Line :9    File :/ATM33/tests/autogenerated/ATM/TestSuite_ATM_cxx.cpp    Method :</system-err>
  </testcase>
  <testcase classname="/ATM33/ATM/Bank.cxx" name="TestSuite_ATM_cxx_c326dd0d::test_viewAccount_5" time="0">
    <failure type="Uncaught structured exception" message="Access violation exception [CPPTEST_ACCESS_VIOLATION]"/>
    <system-err>Trace 
Line :18    File :/ATM33/ATM/Bank.cxx    Method :
Line :12    File :/ATM33/ATM/ATM.cxx    Method :
Line :551    File :/ATM33/tests/autogenerated/ATM/TestSuite_ATM_cxx.cpp    Method :
Line :29    File :/ATM33/tests/autogenerated/ATM/TestSuite_ATM_cxx.cpp    Method :
Line :9    File :/ATM33/tests/autogenerated/ATM/TestSuite_ATM_cxx.cpp    Method :</system-err>
  </testcase>
  <testcase classname="/ATM33/ATM/Bank.cxx" name="TestSuite_ATM_cxx_c326dd0d::test_viewAccount_7" time="0">
    <failure type="Uncaught structured exception" message="Access violation exception [CPPTEST_ACCESS_VIOLATION]"/>
    <system-err>Trace 
Line :18    File :/ATM33/ATM/Bank.cxx    Method :
Line :12    File :/ATM33/ATM/ATM.cxx    Method :
Line :601    File :/ATM33/tests/autogenerated/ATM/TestSuite_ATM_cxx.cpp    Method :
Line :31    File :/ATM33/tests/autogenerated/ATM/TestSuite_ATM_cxx.cpp    Method :
Line :9    File :/ATM33/tests/autogenerated/ATM/TestSuite_ATM_cxx.cpp    Method :</system-err>
  </testcase>
  <testcase classname="/ATM33/ATM/Bank.cxx" name="TestSuite_ATM_cxx_c326dd0d::test_viewAccount_9" time="0">
    <failure type="Uncaught structured exception" message="Access violation exception [CPPTEST_ACCESS_VIOLATION]"/>
    <system-err>Trace 
Line :18    File :/ATM33/ATM/Bank.cxx    Method :
Line :12    File :/ATM33/ATM/ATM.cxx    Method :
Line :651    File :/ATM33/tests/autogenerated/ATM/TestSuite_ATM_cxx.cpp    Method :
Line :33    File :/ATM33/tests/autogenerated/ATM/TestSuite_ATM_cxx.cpp    Method :
Line :9    File :/ATM33/tests/autogenerated/ATM/TestSuite_ATM_cxx.cpp    Method :</system-err>
  </testcase>
  <testcase classname="/ATM33/ATM/include/Account.hxx" name="TestSuite_ATM_cxx_c326dd0d::test_fillUserRequest_9" time="0">
    <failure type="Uncaught structured exception" message="Access violation exception [CPPTEST_ACCESS_VIOLATION]"/>
    <system-err>Trace 
Line :24    File :/ATM33/ATM/include/Account.hxx    Method :
Line :34    File :/ATM33/ATM/ATM.cxx    Method :
Line :24    File :/ATM33/ATM/ATM.cxx    Method :
Line :401    File :/ATM33/tests/autogenerated/ATM/TestSuite_ATM_cxx.cpp    Method :
Line :23    File :/ATM33/tests/autogenerated/ATM/TestSuite_ATM_cxx.cpp    Method :
Line :9    File :/ATM33/tests/autogenerated/ATM/TestSuite_ATM_cxx.cpp    Method :</system-err>
  </testcase>
  <testcase classname="/ATM33/ATM/include/Account.hxx" name="TestSuite_Account_hxx_a303efa6::test_setPassword_10" time="0">
    <failure type="Uncaught structured exception" message="Access violation exception [CPPTEST_ACCESS_VIOLATION]"/>
    <system-err>Trace 
Line :37    File :/ATM33/ATM/include/Account.hxx    Method :
Line :939    File :/ATM33/tests/autogenerated/ATM/include/TestSuite_Account_hxx.cpp    Method :
Line :53    File :/ATM33/tests/autogenerated/ATM/include/TestSuite_Account_hxx.cpp    Method :
Line :9    File :/ATM33/tests/autogenerated/ATM/include/TestSuite_Account_hxx.cpp    Method :</system-err>
  </testcase>
  <testcase classname="/ATM33/ATM/include/Account.hxx" name="TestSuite_Account_hxx_a303efa6::test_setPassword_9" time="0">
    <failure type="Uncaught structured exception" message="Access violation exception [CPPTEST_ACCESS_VIOLATION]"/>
    <system-err>Trace 
Line :37    File :/ATM33/ATM/include/Account.hxx    Method :
Line :1097    File :/ATM33/tests/autogenerated/ATM/include/TestSuite_Account_hxx.cpp    Method :
Line :61    File :/ATM33/tests/autogenerated/ATM/include/TestSuite_Account_hxx.cpp    Method :
Line :9    File :/ATM33/tests/autogenerated/ATM/include/TestSuite_Account_hxx.cpp    Method :</system-err>
  </testcase>
  <testcase classname="/ATM33/tests/autogenerated/ATM/TestSuite_ATM_cxx.cpp" name="TestSuite_ATM_cxx_c326dd0d::test_ATM_1" time="0">
    <failure type="Outcome" message="Outcome: Account * _return.myCurrentAccount =NOT_NULL"/>
    <system-err>Trace 
Line :87    File :/ATM33/tests/autogenerated/ATM/TestSuite_ATM_cxx.cpp    Method :</system-err>
  </testcase>
  <testcase classname="/ATM33/tests/autogenerated/ATM/TestSuite_ATM_cxx.cpp" name="TestSuite_ATM_cxx_c326dd0d::test_ATM_1" time="0">
    <failure type="Outcome" message="Outcome: Bank * _return.myBank =NULL"/>
    <system-err>Trace 
Line :88    File :/ATM33/tests/autogenerated/ATM/TestSuite_ATM_cxx.cpp    Method :</system-err>
  </testcase>
  <testcase classname="/ATM33/tests/autogenerated/ATM/TestSuite_ATM_cxx.cpp" name="TestSuite_ATM_cxx_c326dd0d::test_ATM_1" time="0">
    <failure type="Outcome" message="Outcome: BaseDisplay * _return.myDisplay =NULL"/>
    <system-err>Trace 
Line :89    File :/ATM33/tests/autogenerated/ATM/TestSuite_ATM_cxx.cpp    Method :</system-err>
  </testcase>
  <testcase classname="/ATM33/tests/autogenerated/ATM/TestSuite_ATM_cxx.cpp" name="TestSuite_ATM_cxx_c326dd0d::test_ATM_1" time="0">
    <failure type="Outcome" message="Outcome: Bank * _bank =NULL"/>
    <system-err>Trace 
Line :90    File :/ATM33/tests/autogenerated/ATM/TestSuite_ATM_cxx.cpp    Method :</system-err>
  </testcase>
  <testcase classname="/ATM33/tests/autogenerated/ATM/TestSuite_ATM_cxx.cpp" name="TestSuite_ATM_cxx_c326dd0d::test_ATM_1" time="0">
    <failure type="Outcome" message="Outcome: BaseDisplay * _display =NULL"/>
    <system-err>Trace 
Line :91    File :/ATM33/tests/autogenerated/ATM/TestSuite_ATM_cxx.cpp    Method :</system-err>
  </testcase>
  <testcase classname="/ATM33/tests/autogenerated/ATM/TestSuite_ATM_cxx.cpp" name="TestSuite_ATM_cxx_c326dd0d::test_ATM_2" time="0">
    <failure type="Outcome" message="Outcome: Account * _return.myCurrentAccount =NOT_NULL"/>
    <system-err>Trace 
Line :108    File :/ATM33/tests/autogenerated/ATM/TestSuite_ATM_cxx.cpp    Method :</system-err>
  </testcase>
  <testcase classname="/ATM33/tests/autogenerated/ATM/TestSuite_ATM_cxx.cpp" name="TestSuite_ATM_cxx_c326dd0d::test_ATM_2" time="0">
    <failure type="Outcome" message="Outcome: Bank * _return.myBank =NOT_NULL"/>
    <system-err>Trace 
Line :109    File :/ATM33/tests/autogenerated/ATM/TestSuite_ATM_cxx.cpp    Method :</system-err>
  </testcase>
  <testcase classname="/ATM33/tests/autogenerated/ATM/TestSuite_ATM_cxx.cpp" name="TestSuite_ATM_cxx_c326dd0d::test_ATM_2" time="0">
    <failure type="Outcome" message="Outcome: BaseDisplay * _return.myDisplay =NULL"/>
    <system-err>Trace 
Line :110    File :/ATM33/tests/autogenerated/ATM/TestSuite_ATM_cxx.cpp    Method :</system-err>
  </testcase>
  <testcase classname="/ATM33/tests/autogenerated/ATM/TestSuite_ATM_cxx.cpp" name="TestSuite_ATM_cxx_c326dd0d::test_ATM_2" time="0">
    <failure type="Outcome" message="Outcome: Bank * _bank =NOT_NULL"/>
    <system-err>Trace 
Line :111    File :/ATM33/tests/autogenerated/ATM/TestSuite_ATM_cxx.cpp    Method :</system-err>
  </testcase>
  <testcase classname="/ATM33/tests/autogenerated/ATM/TestSuite_ATM_cxx.cpp" name="TestSuite_ATM_cxx_c326dd0d::test_ATM_2" time="0">
    <failure type="Outcome" message="Outcome: BaseDisplay * _display =NULL"/>
    <system-err>Trace 
Line :112    File :/ATM33/tests/autogenerated/ATM/TestSuite_ATM_cxx.cpp    Method :</system-err>
  </testcase>
  <testcase classname="/ATM33/tests/autogenerated/ATM/TestSuite_ATM_cxx.cpp" name="TestSuite_ATM_cxx_c326dd0d::test_ATM_3" time="0">
    <failure type="Outcome" message="Outcome: Account * _return.myCurrentAccount =NOT_NULL"/>
    <system-err>Trace 
Line :129    File :/ATM33/tests/autogenerated/ATM/TestSuite_ATM_cxx.cpp    Method :</system-err>
  </testcase>
  <testcase classname="/ATM33/tests/autogenerated/ATM/TestSuite_ATM_cxx.cpp" name="TestSuite_ATM_cxx_c326dd0d::test_ATM_3" time="0">
    <failure type="Outcome" message="Outcome: Bank * _return.myBank =NULL"/>
    <system-err>Trace 
Line :130    File :/ATM33/tests/autogenerated/ATM/TestSuite_ATM_cxx.cpp    Method :</system-err>
  </testcase>
  <testcase classname="/ATM33/tests/autogenerated/ATM/TestSuite_ATM_cxx.cpp" name="TestSuite_ATM_cxx_c326dd0d::test_ATM_3" time="0">
    <failure type="Outcome" message="Outcome: BaseDisplay * _return.myDisplay =NOT_NULL"/>
    <system-err>Trace 
Line :131    File :/ATM33/tests/autogenerated/ATM/TestSuite_ATM_cxx.cpp    Method :</system-err>
  </testcase>
  <testcase classname="/ATM33/tests/autogenerated/ATM/TestSuite_ATM_cxx.cpp" name="TestSuite_ATM_cxx_c326dd0d::test_ATM_3" time="0">
    <failure type="Outcome" message="Outcome: Bank * _bank =NULL"/>
    <system-err>Trace 
Line :132    File :/ATM33/tests/autogenerated/ATM/TestSuite_ATM_cxx.cpp    Method :</system-err>
  </testcase>
  <testcase classname="/ATM33/tests/autogenerated/ATM/TestSuite_ATM_cxx.cpp" name="TestSuite_ATM_cxx_c326dd0d::test_ATM_3" time="0">
    <failure type="Outcome" message="Outcome: BaseDisplay * _display =NOT_NULL"/>
    <system-err>Trace 
Line :133    File :/ATM33/tests/autogenerated/ATM/TestSuite_ATM_cxx.cpp    Method :</system-err>
  </testcase>
  <testcase classname="/ATM33/tests/autogenerated/ATM/TestSuite_ATM_cxx.cpp" name="TestSuite_ATM_cxx_c326dd0d::test_ATM_4" time="0">
    <failure type="Outcome" message="Outcome: Account * _return.myCurrentAccount =NOT_NULL"/>
    <system-err>Trace 
Line :151    File :/ATM33/tests/autogenerated/ATM/TestSuite_ATM_cxx.cpp    Method :</system-err>
  </testcase>
  <testcase classname="/ATM33/tests/autogenerated/ATM/TestSuite_ATM_cxx.cpp" name="TestSuite_ATM_cxx_c326dd0d::test_ATM_4" time="0">
    <failure type="Outcome" message="Outcome: Bank * _return.myBank =NOT_NULL"/>
    <system-err>Trace 
Line :152    File :/ATM33/tests/autogenerated/ATM/TestSuite_ATM_cxx.cpp    Method :</system-err>
  </testcase>
  <testcase classname="/ATM33/tests/autogenerated/ATM/TestSuite_ATM_cxx.cpp" name="TestSuite_ATM_cxx_c326dd0d::test_ATM_4" time="0">
    <failure type="Outcome" message="Outcome: BaseDisplay * _return.myDisplay =NOT_NULL"/>
    <system-err>Trace 
Line :153    File :/ATM33/tests/autogenerated/ATM/TestSuite_ATM_cxx.cpp    Method :</system-err>
  </testcase>
  <testcase classname="/ATM33/tests/autogenerated/ATM/TestSuite_ATM_cxx.cpp" name="TestSuite_ATM_cxx_c326dd0d::test_ATM_4" time="0">
    <failure type="Outcome" message="Outcome: Bank * _bank =NOT_NULL"/>
    <system-err>Trace 
Line :154    File :/ATM33/tests/autogenerated/ATM/TestSuite_ATM_cxx.cpp    Method :</system-err>
  </testcase>
  <testcase classname="/ATM33/tests/autogenerated/ATM/TestSuite_ATM_cxx.cpp" name="TestSuite_ATM_cxx_c326dd0d::test_ATM_4" time="0">
    <failure type="Outcome" message="Outcome: BaseDisplay * _display =NOT_NULL"/>
    <system-err>Trace 
Line :155    File :/ATM33/tests/autogenerated/ATM/TestSuite_ATM_cxx.cpp    Method :</system-err>
  </testcase>
  <testcase classname="/ATM33/tests/autogenerated/ATM/TestSuite_ATM_cxx.cpp" name="TestSuite_ATM_cxx_c326dd0d::test_fillUserRequest_1" time="0">
    <failure type="Outcome" message="Outcome: Account * _cpptest_TestObject.myCurrentAccount =NOT_NULL"/>
    <system-err>Trace 
Line :177    File :/ATM33/tests/autogenerated/ATM/TestSuite_ATM_cxx.cpp    Method :</system-err>
  </testcase>
  <testcase classname="/ATM33/tests/autogenerated/ATM/TestSuite_ATM_cxx.cpp" name="TestSuite_ATM_cxx_c326dd0d::test_fillUserRequest_1" time="0">
    <failure type="Outcome" message="Outcome: Bank * _cpptest_TestObject.myBank =NULL"/>
    <system-err>Trace 
Line :178    File :/ATM33/tests/autogenerated/ATM/TestSuite_ATM_cxx.cpp    Method :</system-err>
  </testcase>
  <testcase classname="/ATM33/tests/autogenerated/ATM/TestSuite_ATM_cxx.cpp" name="TestSuite_ATM_cxx_c326dd0d::test_fillUserRequest_1" time="0">
    <failure type="Outcome" message="Outcome: BaseDisplay * _cpptest_TestObject.myDisplay =NULL"/>
    <system-err>Trace 
Line :179    File :/ATM33/tests/autogenerated/ATM/TestSuite_ATM_cxx.cpp    Method :</system-err>
  </testcase>
  <testcase classname="/ATM33/tests/autogenerated/ATM/TestSuite_ATM_cxx.cpp" name="TestSuite_ATM_cxx_c326dd0d::test_fillUserRequest_10" time="0">
    <failure type="Outcome" message="Outcome: Account * _cpptest_TestObject.myCurrentAccount =NOT_NULL"/>
    <system-err>Trace 
Line :203    File :/ATM33/tests/autogenerated/ATM/TestSuite_ATM_cxx.cpp    Method :</system-err>
  </testcase>
  <testcase classname="/ATM33/tests/autogenerated/ATM/TestSuite_ATM_cxx.cpp" name="TestSuite_ATM_cxx_c326dd0d::test_fillUserRequest_10" time="0">
    <failure type="Outcome" message="Outcome: Bank * _cpptest_TestObject.myBank =NOT_NULL"/>
    <system-err>Trace 
Line :204    File :/ATM33/tests/autogenerated/ATM/TestSuite_ATM_cxx.cpp    Method :</system-err>
  </testcase>
  <testcase classname="/ATM33/tests/autogenerated/ATM/TestSuite_ATM_cxx.cpp" name="TestSuite_ATM_cxx_c326dd0d::test_fillUserRequest_10" time="0">
    <failure type="Outcome" message="Outcome: BaseDisplay * _cpptest_TestObject.myDisplay =NOT_NULL"/>
    <system-err>Trace 
Line :205    File :/ATM33/tests/autogenerated/ATM/TestSuite_ATM_cxx.cpp    Method :</system-err>
  </testcase>
  <testcase classname="/ATM33/tests/autogenerated/ATM/TestSuite_ATM_cxx.cpp" name="TestSuite_ATM_cxx_c326dd0d::test_fillUserRequest_2" time="0">
    <failure type="Outcome" message="Outcome: Account * _cpptest_TestObject.myCurrentAccount =NOT_NULL"/>
    <system-err>Trace 
Line :228    File :/ATM33/tests/autogenerated/ATM/TestSuite_ATM_cxx.cpp    Method :</system-err>
  </testcase>
  <testcase classname="/ATM33/tests/autogenerated/ATM/TestSuite_ATM_cxx.cpp" name="TestSuite_ATM_cxx_c326dd0d::test_fillUserRequest_2" time="0">
    <failure type="Outcome" message="Outcome: Bank * _cpptest_TestObject.myBank =NOT_NULL"/>
    <system-err>Trace 
Line :229    File :/ATM33/tests/autogenerated/ATM/TestSuite_ATM_cxx.cpp    Method :</system-err>
  </testcase>
  <testcase classname="/ATM33/tests/autogenerated/ATM/TestSuite_ATM_cxx.cpp" name="TestSuite_ATM_cxx_c326dd0d::test_fillUserRequest_2" time="0">
    <failure type="Outcome" message="Outcome: BaseDisplay * _cpptest_TestObject.myDisplay =NULL"/>
    <system-err>Trace 
Line :230    File :/ATM33/tests/autogenerated/ATM/TestSuite_ATM_cxx.cpp    Method :</system-err>
  </testcase>
  <testcase classname="/ATM33/tests/autogenerated/ATM/TestSuite_ATM_cxx.cpp" name="TestSuite_ATM_cxx_c326dd0d::test_fillUserRequest_6" time="0">
    <failure type="Outcome" message="Outcome: Account * _cpptest_TestObject.myCurrentAccount =NOT_NULL"/>
    <system-err>Trace 
Line :328    File :/ATM33/tests/autogenerated/ATM/TestSuite_ATM_cxx.cpp    Method :</system-err>
  </testcase>
  <testcase classname="/ATM33/tests/autogenerated/ATM/TestSuite_ATM_cxx.cpp" name="TestSuite_ATM_cxx_c326dd0d::test_fillUserRequest_6" time="0">
    <failure type="Outcome" message="Outcome: Bank * _cpptest_TestObject.myBank =NOT_NULL"/>
    <system-err>Trace 
Line :329    File :/ATM33/tests/autogenerated/ATM/TestSuite_ATM_cxx.cpp    Method :</system-err>
  </testcase>
  <testcase classname="/ATM33/tests/autogenerated/ATM/TestSuite_ATM_cxx.cpp" name="TestSuite_ATM_cxx_c326dd0d::test_fillUserRequest_6" time="0">
    <failure type="Outcome" message="Outcome: BaseDisplay * _cpptest_TestObject.myDisplay =NULL"/>
    <system-err>Trace 
Line :330    File :/ATM33/tests/autogenerated/ATM/TestSuite_ATM_cxx.cpp    Method :</system-err>
  </testcase>
  <testcase classname="/ATM33/tests/autogenerated/ATM/TestSuite_ATM_cxx.cpp" name="TestSuite_ATM_cxx_c326dd0d::test_viewAccount_10" time="0">
    <failure type="Outcome" message="Outcome: Account * _cpptest_TestObject.myCurrentAccount =NULL"/>
    <system-err>Trace 
Line :453    File :/ATM33/tests/autogenerated/ATM/TestSuite_ATM_cxx.cpp    Method :</system-err>
  </testcase>
  <testcase classname="/ATM33/tests/autogenerated/ATM/TestSuite_ATM_cxx.cpp" name="TestSuite_ATM_cxx_c326dd0d::test_viewAccount_10" time="0">
    <failure type="Outcome" message="Outcome: Bank * _cpptest_TestObject.myBank =NOT_NULL"/>
    <system-err>Trace 
Line :454    File :/ATM33/tests/autogenerated/ATM/TestSuite_ATM_cxx.cpp    Method :</system-err>
  </testcase>
  <testcase classname="/ATM33/tests/autogenerated/ATM/TestSuite_ATM_cxx.cpp" name="TestSuite_ATM_cxx_c326dd0d::test_viewAccount_10" time="0">
    <failure type="Outcome" message="Outcome: BaseDisplay * _cpptest_TestObject.myDisplay =NOT_NULL"/>
    <system-err>Trace 
Line :455    File :/ATM33/tests/autogenerated/ATM/TestSuite_ATM_cxx.cpp    Method :</system-err>
  </testcase>
  <testcase classname="/ATM33/tests/autogenerated/ATM/TestSuite_ATM_cxx.cpp" name="TestSuite_ATM_cxx_c326dd0d::test_viewAccount_6" time="0">
    <failure type="Outcome" message="Outcome: Account * _cpptest_TestObject.myCurrentAccount =NULL"/>
    <system-err>Trace 
Line :579    File :/ATM33/tests/autogenerated/ATM/TestSuite_ATM_cxx.cpp    Method :</system-err>
  </testcase>
  <testcase classname="/ATM33/tests/autogenerated/ATM/TestSuite_ATM_cxx.cpp" name="TestSuite_ATM_cxx_c326dd0d::test_viewAccount_6" time="0">
    <failure type="Outcome" message="Outcome: Bank * _cpptest_TestObject.myBank =NOT_NULL"/>
    <system-err>Trace 
Line :580    File :/ATM33/tests/autogenerated/ATM/TestSuite_ATM_cxx.cpp    Method :</system-err>
  </testcase>
  <testcase classname="/ATM33/tests/autogenerated/ATM/TestSuite_ATM_cxx.cpp" name="TestSuite_ATM_cxx_c326dd0d::test_viewAccount_6" time="0">
    <failure type="Outcome" message="Outcome: BaseDisplay * _cpptest_TestObject.myDisplay =NOT_NULL"/>
    <system-err>Trace 
Line :581    File :/ATM33/tests/autogenerated/ATM/TestSuite_ATM_cxx.cpp    Method :</system-err>
  </testcase>
  <testcase classname="/ATM33/tests/autogenerated/ATM/TestSuite_Account_cxx.cpp" name="TestSuite_Account_cxx_f36661c5::test_debit_1" time="0">
    <failure type="Outcome" message="Outcome: double _return=0.000000e+000"/>
    <system-err>Trace 
Line :81    File :/ATM33/tests/autogenerated/ATM/TestSuite_Account_cxx.cpp    Method :</system-err>
  </testcase>
  <testcase classname="/ATM33/tests/autogenerated/ATM/TestSuite_Account_cxx.cpp" name="TestSuite_Account_cxx_f36661c5::test_debit_1" time="0">
    <failure type="Outcome" message="Outcome: int _cpptest_TestObject.myAccountNumber=0"/>
    <system-err>Trace 
Line :82    File :/ATM33/tests/autogenerated/ATM/TestSuite_Account_cxx.cpp    Method :</system-err>
  </testcase>
  <testcase classname="/ATM33/tests/autogenerated/ATM/TestSuite_Account_cxx.cpp" name="TestSuite_Account_cxx_f36661c5::test_debit_1" time="0">
    <failure type="Outcome" message="Outcome: double _cpptest_TestObject.myBalance=0.000000e+000"/>
    <system-err>Trace 
Line :83    File :/ATM33/tests/autogenerated/ATM/TestSuite_Account_cxx.cpp    Method :</system-err>
  </testcase>
  <testcase classname="/ATM33/tests/autogenerated/ATM/TestSuite_Account_cxx.cpp" name="TestSuite_Account_cxx_f36661c5::test_debit_1" time="0">
    <failure type="Outcome" message="Outcome: ::std::string _cpptest_TestObject.myPassword=&quot;&quot;"/>
    <system-err>Trace 
Line :84    File :/ATM33/tests/autogenerated/ATM/TestSuite_Account_cxx.cpp    Method :</system-err>
  </testcase>
  <testcase classname="/ATM33/tests/autogenerated/ATM/TestSuite_Account_cxx.cpp" name="TestSuite_Account_cxx_f36661c5::test_debit_10" time="0">
    <failure type="Outcome" message="Outcome: double _return=-2.225074e-308"/>
    <system-err>Trace 
Line :102    File :/ATM33/tests/autogenerated/ATM/TestSuite_Account_cxx.cpp    Method :</system-err>
  </testcase>
  <testcase classname="/ATM33/tests/autogenerated/ATM/TestSuite_Account_cxx.cpp" name="TestSuite_Account_cxx_f36661c5::test_debit_10" time="0">
    <failure type="Outcome" message="Outcome: int _cpptest_TestObject.myAccountNumber=0"/>
    <system-err>Trace 
Line :103    File :/ATM33/tests/autogenerated/ATM/TestSuite_Account_cxx.cpp    Method :</system-err>
  </testcase>
  <testcase classname="/ATM33/tests/autogenerated/ATM/TestSuite_Account_cxx.cpp" name="TestSuite_Account_cxx_f36661c5::test_debit_10" time="0">
    <failure type="Outcome" message="Outcome: double _cpptest_TestObject.myBalance=-2.225074e-308"/>
    <system-err>Trace 
Line :104    File :/ATM33/tests/autogenerated/ATM/TestSuite_Account_cxx.cpp    Method :</system-err>
  </testcase>
  <testcase classname="/ATM33/tests/autogenerated/ATM/TestSuite_Account_cxx.cpp" name="TestSuite_Account_cxx_f36661c5::test_debit_10" time="0">
    <failure type="Outcome" message="Outcome: ::std::string _cpptest_TestObject.myPassword=&quot;&quot;"/>
    <system-err>Trace 
Line :105    File :/ATM33/tests/autogenerated/ATM/TestSuite_Account_cxx.cpp    Method :</system-err>
  </testcase>
  <testcase classname="/ATM33/tests/autogenerated/ATM/TestSuite_Account_cxx.cpp" name="TestSuite_Account_cxx_f36661c5::test_debit_2" time="0">
    <failure type="Outcome" message="Outcome: double _return=-1.797693e+308"/>
    <system-err>Trace 
Line :123    File :/ATM33/tests/autogenerated/ATM/TestSuite_Account_cxx.cpp    Method :</system-err>
  </testcase>
  <testcase classname="/ATM33/tests/autogenerated/ATM/TestSuite_Account_cxx.cpp" name="TestSuite_Account_cxx_f36661c5::test_debit_2" time="0">
    <failure type="Outcome" message="Outcome: int _cpptest_TestObject.myAccountNumber=0"/>
    <system-err>Trace 
Line :124    File :/ATM33/tests/autogenerated/ATM/TestSuite_Account_cxx.cpp    Method :</system-err>
  </testcase>
  <testcase classname="/ATM33/tests/autogenerated/ATM/TestSuite_Account_cxx.cpp" name="TestSuite_Account_cxx_f36661c5::test_debit_2" time="0">
    <failure type="Outcome" message="Outcome: double _cpptest_TestObject.myBalance=-1.797693e+308"/>
    <system-err>Trace 
Line :125    File :/ATM33/tests/autogenerated/ATM/TestSuite_Account_cxx.cpp    Method :</system-err>
  </testcase>
  <testcase classname="/ATM33/tests/autogenerated/ATM/TestSuite_Account_cxx.cpp" name="TestSuite_Account_cxx_f36661c5::test_debit_2" time="0">
    <failure type="Outcome" message="Outcome: ::std::string _cpptest_TestObject.myPassword=&quot;&quot;"/>
    <system-err>Trace 
Line :126    File :/ATM33/tests/autogenerated/ATM/TestSuite_Account_cxx.cpp    Method :</system-err>
  </testcase>
  <testcase classname="/ATM33/tests/autogenerated/ATM/TestSuite_Account_cxx.cpp" name="TestSuite_Account_cxx_f36661c5::test_debit_3" time="0">
    <failure type="Outcome" message="Outcome: double _return=-1.797693e+308"/>
    <system-err>Trace 
Line :142    File :/ATM33/tests/autogenerated/ATM/TestSuite_Account_cxx.cpp    Method :</system-err>
  </testcase>
  <testcase classname="/ATM33/tests/autogenerated/ATM/TestSuite_Account_cxx.cpp" name="TestSuite_Account_cxx_f36661c5::test_debit_3" time="0">
    <failure type="Outcome" message="Outcome: int _cpptest_TestObject.myAccountNumber=0"/>
    <system-err>Trace 
Line :143    File :/ATM33/tests/autogenerated/ATM/TestSuite_Account_cxx.cpp    Method :</system-err>
  </testcase>
  <testcase classname="/ATM33/tests/autogenerated/ATM/TestSuite_Account_cxx.cpp" name="TestSuite_Account_cxx_f36661c5::test_debit_3" time="0">
    <failure type="Outcome" message="Outcome: double _cpptest_TestObject.myBalance=-1.797693e+308"/>
    <system-err>Trace 
Line :144    File :/ATM33/tests/autogenerated/ATM/TestSuite_Account_cxx.cpp    Method :</system-err>
  </testcase>
  <testcase classname="/ATM33/tests/autogenerated/ATM/TestSuite_Account_cxx.cpp" name="TestSuite_Account_cxx_f36661c5::test_debit_3" time="0">
    <failure type="Outcome" message="Outcome: ::std::string _cpptest_TestObject.myPassword=&quot;&quot;"/>
    <system-err>Trace 
Line :145    File :/ATM33/tests/autogenerated/ATM/TestSuite_Account_cxx.cpp    Method :</system-err>
  </testcase>
  <testcase classname="/ATM33/tests/autogenerated/ATM/TestSuite_Account_cxx.cpp" name="TestSuite_Account_cxx_f36661c5::test_debit_4" time="0">
    <failure type="Outcome" message="Outcome: double _return=1.000000e+000"/>
    <system-err>Trace 
Line :163    File :/ATM33/tests/autogenerated/ATM/TestSuite_Account_cxx.cpp    Method :</system-err>
  </testcase>
  <testcase classname="/ATM33/tests/autogenerated/ATM/TestSuite_Account_cxx.cpp" name="TestSuite_Account_cxx_f36661c5::test_debit_4" time="0">
    <failure type="Outcome" message="Outcome: int _cpptest_TestObject.myAccountNumber=0"/>
    <system-err>Trace 
Line :164    File :/ATM33/tests/autogenerated/ATM/TestSuite_Account_cxx.cpp    Method :</system-err>
  </testcase>
  <testcase classname="/ATM33/tests/autogenerated/ATM/TestSuite_Account_cxx.cpp" name="TestSuite_Account_cxx_f36661c5::test_debit_4" time="0">
    <failure type="Outcome" message="Outcome: double _cpptest_TestObject.myBalance=1.000000e+000"/>
    <system-err>Trace 
Line :165    File :/ATM33/tests/autogenerated/ATM/TestSuite_Account_cxx.cpp    Method :</system-err>
  </testcase>
  <testcase classname="/ATM33/tests/autogenerated/ATM/TestSuite_Account_cxx.cpp" name="TestSuite_Account_cxx_f36661c5::test_debit_4" time="0">
    <failure type="Outcome" message="Outcome: ::std::string _cpptest_TestObject.myPassword=&quot;&quot;"/>
    <system-err>Trace 
Line :166    File :/ATM33/tests/autogenerated/ATM/TestSuite_Account_cxx.cpp    Method :</system-err>
  </testcase>
  <testcase classname="/ATM33/tests/autogenerated/ATM/TestSuite_Account_cxx.cpp" name="TestSuite_Account_cxx_f36661c5::test_debit_5" time="0">
    <failure type="Outcome" message="Outcome: double _return=1.797693e+308"/>
    <system-err>Trace 
Line :184    File :/ATM33/tests/autogenerated/ATM/TestSuite_Account_cxx.cpp    Method :</system-err>
  </testcase>
  <testcase classname="/ATM33/tests/autogenerated/ATM/TestSuite_Account_cxx.cpp" name="TestSuite_Account_cxx_f36661c5::test_debit_5" time="0">
    <failure type="Outcome" message="Outcome: int _cpptest_TestObject.myAccountNumber=0"/>
    <system-err>Trace 
Line :185    File :/ATM33/tests/autogenerated/ATM/TestSuite_Account_cxx.cpp    Method :</system-err>
  </testcase>
  <testcase classname="/ATM33/tests/autogenerated/ATM/TestSuite_Account_cxx.cpp" name="TestSuite_Account_cxx_f36661c5::test_debit_5" time="0">
    <failure type="Outcome" message="Outcome: double _cpptest_TestObject.myBalance=1.797693e+308"/>
    <system-err>Trace 
Line :186    File :/ATM33/tests/autogenerated/ATM/TestSuite_Account_cxx.cpp    Method :</system-err>
  </testcase>
  <testcase classname="/ATM33/tests/autogenerated/ATM/TestSuite_Account_cxx.cpp" name="TestSuite_Account_cxx_f36661c5::test_debit_5" time="0">
    <failure type="Outcome" message="Outcome: ::std::string _cpptest_TestObject.myPassword=&quot;&quot;"/>
    <system-err>Trace 
Line :187    File :/ATM33/tests/autogenerated/ATM/TestSuite_Account_cxx.cpp    Method :</system-err>
  </testcase>
  <testcase classname="/ATM33/tests/autogenerated/ATM/TestSuite_Account_cxx.cpp" name="TestSuite_Account_cxx_f36661c5::test_debit_6" time="0">
    <failure type="Outcome" message="Outcome: double _return=1.000000e+000"/>
    <system-err>Trace 
Line :205    File :/ATM33/tests/autogenerated/ATM/TestSuite_Account_cxx.cpp    Method :</system-err>
  </testcase>
  <testcase classname="/ATM33/tests/autogenerated/ATM/TestSuite_Account_cxx.cpp" name="TestSuite_Account_cxx_f36661c5::test_debit_6" time="0">
    <failure type="Outcome" message="Outcome: int _cpptest_TestObject.myAccountNumber=0"/>
    <system-err>Trace 
Line :206    File :/ATM33/tests/autogenerated/ATM/TestSuite_Account_cxx.cpp    Method :</system-err>
  </testcase>
  <testcase classname="/ATM33/tests/autogenerated/ATM/TestSuite_Account_cxx.cpp" name="TestSuite_Account_cxx_f36661c5::test_debit_6" time="0">
    <failure type="Outcome" message="Outcome: double _cpptest_TestObject.myBalance=1.000000e+000"/>
    <system-err>Trace 
Line :207    File :/ATM33/tests/autogenerated/ATM/TestSuite_Account_cxx.cpp    Method :</system-err>
  </testcase>
  <testcase classname="/ATM33/tests/autogenerated/ATM/TestSuite_Account_cxx.cpp" name="TestSuite_Account_cxx_f36661c5::test_debit_6" time="0">
    <failure type="Outcome" message="Outcome: ::std::string _cpptest_TestObject.myPassword=&quot;&quot;"/>
    <system-err>Trace 
Line :208    File :/ATM33/tests/autogenerated/ATM/TestSuite_Account_cxx.cpp    Method :</system-err>
  </testcase>
  <testcase classname="/ATM33/tests/autogenerated/ATM/TestSuite_Account_cxx.cpp" name="TestSuite_Account_cxx_f36661c5::test_debit_7" time="0">
    <failure type="Outcome" message="Outcome: double _return=1.000000e+000"/>
    <system-err>Trace 
Line :224    File :/ATM33/tests/autogenerated/ATM/TestSuite_Account_cxx.cpp    Method :</system-err>
  </testcase>
  <testcase classname="/ATM33/tests/autogenerated/ATM/TestSuite_Account_cxx.cpp" name="TestSuite_Account_cxx_f36661c5::test_debit_7" time="0">
    <failure type="Outcome" message="Outcome: int _cpptest_TestObject.myAccountNumber=0"/>
    <system-err>Trace 
Line :225    File :/ATM33/tests/autogenerated/ATM/TestSuite_Account_cxx.cpp    Method :</system-err>
  </testcase>
  <testcase classname="/ATM33/tests/autogenerated/ATM/TestSuite_Account_cxx.cpp" name="TestSuite_Account_cxx_f36661c5::test_debit_7" time="0">
    <failure type="Outcome" message="Outcome: double _cpptest_TestObject.myBalance=1.000000e+000"/>
    <system-err>Trace 
Line :226    File :/ATM33/tests/autogenerated/ATM/TestSuite_Account_cxx.cpp    Method :</system-err>
  </testcase>
  <testcase classname="/ATM33/tests/autogenerated/ATM/TestSuite_Account_cxx.cpp" name="TestSuite_Account_cxx_f36661c5::test_debit_7" time="0">
    <failure type="Outcome" message="Outcome: ::std::string _cpptest_TestObject.myPassword=&quot;&quot;"/>
    <system-err>Trace 
Line :227    File :/ATM33/tests/autogenerated/ATM/TestSuite_Account_cxx.cpp    Method :</system-err>
  </testcase>
  <testcase classname="/ATM33/tests/autogenerated/ATM/TestSuite_Account_cxx.cpp" name="TestSuite_Account_cxx_f36661c5::test_debit_8" time="0">
    <failure type="Outcome" message="Outcome: double _return=1.000000e+000"/>
    <system-err>Trace 
Line :245    File :/ATM33/tests/autogenerated/ATM/TestSuite_Account_cxx.cpp    Method :</system-err>
  </testcase>
  <testcase classname="/ATM33/tests/autogenerated/ATM/TestSuite_Account_cxx.cpp" name="TestSuite_Account_cxx_f36661c5::test_debit_8" time="0">
    <failure type="Outcome" message="Outcome: int _cpptest_TestObject.myAccountNumber=0"/>
    <system-err>Trace 
Line :246    File :/ATM33/tests/autogenerated/ATM/TestSuite_Account_cxx.cpp    Method :</system-err>
  </testcase>
  <testcase classname="/ATM33/tests/autogenerated/ATM/TestSuite_Account_cxx.cpp" name="TestSuite_Account_cxx_f36661c5::test_debit_8" time="0">
    <failure type="Outcome" message="Outcome: double _cpptest_TestObject.myBalance=1.000000e+000"/>
    <system-err>Trace 
Line :247    File :/ATM33/tests/autogenerated/ATM/TestSuite_Account_cxx.cpp    Method :</system-err>
  </testcase>
  <testcase classname="/ATM33/tests/autogenerated/ATM/TestSuite_Account_cxx.cpp" name="TestSuite_Account_cxx_f36661c5::test_debit_8" time="0">
    <failure type="Outcome" message="Outcome: ::std::string _cpptest_TestObject.myPassword=&quot;&quot;"/>
    <system-err>Trace 
Line :248    File :/ATM33/tests/autogenerated/ATM/TestSuite_Account_cxx.cpp    Method :</system-err>
  </testcase>
  <testcase classname="/ATM33/tests/autogenerated/ATM/TestSuite_Account_cxx.cpp" name="TestSuite_Account_cxx_f36661c5::test_debit_9" time="0">
    <failure type="Outcome" message="Outcome: double _return=-2.000000e+000"/>
    <system-err>Trace 
Line :266    File :/ATM33/tests/autogenerated/ATM/TestSuite_Account_cxx.cpp    Method :</system-err>
  </testcase>
  <testcase classname="/ATM33/tests/autogenerated/ATM/TestSuite_Account_cxx.cpp" name="TestSuite_Account_cxx_f36661c5::test_debit_9" time="0">
    <failure type="Outcome" message="Outcome: int _cpptest_TestObject.myAccountNumber=0"/>
    <system-err>Trace 
Line :267    File :/ATM33/tests/autogenerated/ATM/TestSuite_Account_cxx.cpp    Method :</system-err>
  </testcase>
  <testcase classname="/ATM33/tests/autogenerated/ATM/TestSuite_Account_cxx.cpp" name="TestSuite_Account_cxx_f36661c5::test_debit_9" time="0">
    <failure type="Outcome" message="Outcome: double _cpptest_TestObject.myBalance=-2.000000e+000"/>
    <system-err>Trace 
Line :268    File :/ATM33/tests/autogenerated/ATM/TestSuite_Account_cxx.cpp    Method :</system-err>
  </testcase>
  <testcase classname="/ATM33/tests/autogenerated/ATM/TestSuite_Account_cxx.cpp" name="TestSuite_Account_cxx_f36661c5::test_debit_9" time="0">
    <failure type="Outcome" message="Outcome: ::std::string _cpptest_TestObject.myPassword=&quot;&quot;"/>
    <system-err>Trace 
Line :269    File :/ATM33/tests/autogenerated/ATM/TestSuite_Account_cxx.cpp    Method :</system-err>
  </testcase>
  <testcase classname="/ATM33/tests/autogenerated/ATM/TestSuite_Account_cxx.cpp" name="TestSuite_Account_cxx_f36661c5::test_deposit_1" time="0">
    <failure type="Outcome" message="Outcome: double _return=1.#INF00e+000"/>
    <system-err>Trace 
Line :287    File :/ATM33/tests/autogenerated/ATM/TestSuite_Account_cxx.cpp    Method :</system-err>
  </testcase>
  <testcase classname="/ATM33/tests/autogenerated/ATM/TestSuite_Account_cxx.cpp" name="TestSuite_Account_cxx_f36661c5::test_deposit_1" time="0">
    <failure type="Outcome" message="Outcome: int _cpptest_TestObject.myAccountNumber=0"/>
    <system-err>Trace 
Line :288    File :/ATM33/tests/autogenerated/ATM/TestSuite_Account_cxx.cpp    Method :</system-err>
  </testcase>
  <testcase classname="/ATM33/tests/autogenerated/ATM/TestSuite_Account_cxx.cpp" name="TestSuite_Account_cxx_f36661c5::test_deposit_1" time="0">
    <failure type="Outcome" message="Outcome: double _cpptest_TestObject.myBalance=1.#INF00e+000"/>
    <system-err>Trace 
Line :289    File :/ATM33/tests/autogenerated/ATM/TestSuite_Account_cxx.cpp    Method :</system-err>
  </testcase>
  <testcase classname="/ATM33/tests/autogenerated/ATM/TestSuite_Account_cxx.cpp" name="TestSuite_Account_cxx_f36661c5::test_deposit_1" time="0">
    <failure type="Outcome" message="Outcome: ::std::string _cpptest_TestObject.myPassword=&quot;&quot;"/>
    <system-err>Trace 
Line :290    File :/ATM33/tests/autogenerated/ATM/TestSuite_Account_cxx.cpp    Method :</system-err>
  </testcase>
  <testcase classname="/ATM33/tests/autogenerated/ATM/TestSuite_Account_cxx.cpp" name="TestSuite_Account_cxx_f36661c5::test_deposit_10" time="0">
    <failure type="Outcome" message="Outcome: double _return=-2.225074e-308"/>
    <system-err>Trace 
Line :308    File :/ATM33/tests/autogenerated/ATM/TestSuite_Account_cxx.cpp    Method :</system-err>
  </testcase>
  <testcase classname="/ATM33/tests/autogenerated/ATM/TestSuite_Account_cxx.cpp" name="TestSuite_Account_cxx_f36661c5::test_deposit_10" time="0">
    <failure type="Outcome" message="Outcome: int _cpptest_TestObject.myAccountNumber=0"/>
    <system-err>Trace 
Line :309    File :/ATM33/tests/autogenerated/ATM/TestSuite_Account_cxx.cpp    Method :</system-err>
  </testcase>
  <testcase classname="/ATM33/tests/autogenerated/ATM/TestSuite_Account_cxx.cpp" name="TestSuite_Account_cxx_f36661c5::test_deposit_10" time="0">
    <failure type="Outcome" message="Outcome: double _cpptest_TestObject.myBalance=-2.225074e-308"/>
    <system-err>Trace 
Line :310    File :/ATM33/tests/autogenerated/ATM/TestSuite_Account_cxx.cpp    Method :</system-err>
  </testcase>
  <testcase classname="/ATM33/tests/autogenerated/ATM/TestSuite_Account_cxx.cpp" name="TestSuite_Account_cxx_f36661c5::test_deposit_10" time="0">
    <failure type="Outcome" message="Outcome: ::std::string _cpptest_TestObject.myPassword=&quot;&quot;"/>
    <system-err>Trace 
Line :311    File :/ATM33/tests/autogenerated/ATM/TestSuite_Account_cxx.cpp    Method :</system-err>
  </testcase>
  <testcase classname="/ATM33/tests/autogenerated/ATM/TestSuite_Account_cxx.cpp" name="TestSuite_Account_cxx_f36661c5::test_deposit_2" time="0">
    <failure type="Outcome" message="Outcome: double _return=1.797693e+308"/>
    <system-err>Trace 
Line :329    File :/ATM33/tests/autogenerated/ATM/TestSuite_Account_cxx.cpp    Method :</system-err>
  </testcase>
  <testcase classname="/ATM33/tests/autogenerated/ATM/TestSuite_Account_cxx.cpp" name="TestSuite_Account_cxx_f36661c5::test_deposit_2" time="0">
    <failure type="Outcome" message="Outcome: int _cpptest_TestObject.myAccountNumber=0"/>
    <system-err>Trace 
Line :330    File :/ATM33/tests/autogenerated/ATM/TestSuite_Account_cxx.cpp    Method :</system-err>
  </testcase>
  <testcase classname="/ATM33/tests/autogenerated/ATM/TestSuite_Account_cxx.cpp" name="TestSuite_Account_cxx_f36661c5::test_deposit_2" time="0">
    <failure type="Outcome" message="Outcome: double _cpptest_TestObject.myBalance=1.797693e+308"/>
    <system-err>Trace 
Line :331    File :/ATM33/tests/autogenerated/ATM/TestSuite_Account_cxx.cpp    Method :</system-err>
  </testcase>
  <testcase classname="/ATM33/tests/autogenerated/ATM/TestSuite_Account_cxx.cpp" name="TestSuite_Account_cxx_f36661c5::test_deposit_2" time="0">
    <failure type="Outcome" message="Outcome: ::std::string _cpptest_TestObject.myPassword=&quot;&quot;"/>
    <system-err>Trace 
Line :332    File :/ATM33/tests/autogenerated/ATM/TestSuite_Account_cxx.cpp    Method :</system-err>
  </testcase>
  <testcase classname="/ATM33/tests/autogenerated/ATM/TestSuite_Account_cxx.cpp" name="TestSuite_Account_cxx_f36661c5::test_deposit_3" time="0">
    <failure type="Outcome" message="Outcome: double _return=1.797693e+308"/>
    <system-err>Trace 
Line :348    File :/ATM33/tests/autogenerated/ATM/TestSuite_Account_cxx.cpp    Method :</system-err>
  </testcase>
  <testcase classname="/ATM33/tests/autogenerated/ATM/TestSuite_Account_cxx.cpp" name="TestSuite_Account_cxx_f36661c5::test_deposit_3" time="0">
    <failure type="Outcome" message="Outcome: int _cpptest_TestObject.myAccountNumber=0"/>
    <system-err>Trace 
Line :349    File :/ATM33/tests/autogenerated/ATM/TestSuite_Account_cxx.cpp    Method :</system-err>
  </testcase>
  <testcase classname="/ATM33/tests/autogenerated/ATM/TestSuite_Account_cxx.cpp" name="TestSuite_Account_cxx_f36661c5::test_deposit_3" time="0">
    <failure type="Outcome" message="Outcome: double _cpptest_TestObject.myBalance=1.797693e+308"/>
    <system-err>Trace 
Line :350    File :/ATM33/tests/autogenerated/ATM/TestSuite_Account_cxx.cpp    Method :</system-err>
  </testcase>
  <testcase classname="/ATM33/tests/autogenerated/ATM/TestSuite_Account_cxx.cpp" name="TestSuite_Account_cxx_f36661c5::test_deposit_3" time="0">
    <failure type="Outcome" message="Outcome: ::std::string _cpptest_TestObject.myPassword=&quot;&quot;"/>
    <system-err>Trace 
Line :351    File :/ATM33/tests/autogenerated/ATM/TestSuite_Account_cxx.cpp    Method :</system-err>
  </testcase>
  <testcase classname="/ATM33/tests/autogenerated/ATM/TestSuite_Account_cxx.cpp" name="TestSuite_Account_cxx_f36661c5::test_deposit_4" time="0">
    <failure type="Outcome" message="Outcome: double _return=1.000000e+000"/>
    <system-err>Trace 
Line :369    File :/ATM33/tests/autogenerated/ATM/TestSuite_Account_cxx.cpp    Method :</system-err>
  </testcase>
  <testcase classname="/ATM33/tests/autogenerated/ATM/TestSuite_Account_cxx.cpp" name="TestSuite_Account_cxx_f36661c5::test_deposit_4" time="0">
    <failure type="Outcome" message="Outcome: int _cpptest_TestObject.myAccountNumber=0"/>
    <system-err>Trace 
Line :370    File :/ATM33/tests/autogenerated/ATM/TestSuite_Account_cxx.cpp    Method :</system-err>
  </testcase>
  <testcase classname="/ATM33/tests/autogenerated/ATM/TestSuite_Account_cxx.cpp" name="TestSuite_Account_cxx_f36661c5::test_deposit_4" time="0">
    <failure type="Outcome" message="Outcome: double _cpptest_TestObject.myBalance=1.000000e+000"/>
    <system-err>Trace 
Line :371    File :/ATM33/tests/autogenerated/ATM/TestSuite_Account_cxx.cpp    Method :</system-err>
  </testcase>
  <testcase classname="/ATM33/tests/autogenerated/ATM/TestSuite_Account_cxx.cpp" name="TestSuite_Account_cxx_f36661c5::test_deposit_4" time="0">
    <failure type="Outcome" message="Outcome: ::std::string _cpptest_TestObject.myPassword=&quot;&quot;"/>
    <system-err>Trace 
Line :372    File :/ATM33/tests/autogenerated/ATM/TestSuite_Account_cxx.cpp    Method :</system-err>
  </testcase>
  <testcase classname="/ATM33/tests/autogenerated/ATM/TestSuite_Account_cxx.cpp" name="TestSuite_Account_cxx_f36661c5::test_deposit_5" time="0">
    <failure type="Outcome" message="Outcome: double _return=-1.797693e+308"/>
    <system-err>Trace 
Line :390    File :/ATM33/tests/autogenerated/ATM/TestSuite_Account_cxx.cpp    Method :</system-err>
  </testcase>
  <testcase classname="/ATM33/tests/autogenerated/ATM/TestSuite_Account_cxx.cpp" name="TestSuite_Account_cxx_f36661c5::test_deposit_5" time="0">
    <failure type="Outcome" message="Outcome: int _cpptest_TestObject.myAccountNumber=0"/>
    <system-err>Trace 
Line :391    File :/ATM33/tests/autogenerated/ATM/TestSuite_Account_cxx.cpp    Method :</system-err>
  </testcase>
  <testcase classname="/ATM33/tests/autogenerated/ATM/TestSuite_Account_cxx.cpp" name="TestSuite_Account_cxx_f36661c5::test_deposit_5" time="0">
    <failure type="Outcome" message="Outcome: double _cpptest_TestObject.myBalance=-1.797693e+308"/>
    <system-err>Trace 
Line :392    File :/ATM33/tests/autogenerated/ATM/TestSuite_Account_cxx.cpp    Method :</system-err>
  </testcase>
  <testcase classname="/ATM33/tests/autogenerated/ATM/TestSuite_Account_cxx.cpp" name="TestSuite_Account_cxx_f36661c5::test_deposit_5" time="0">
    <failure type="Outcome" message="Outcome: ::std::string _cpptest_TestObject.myPassword=&quot;&quot;"/>
    <system-err>Trace 
Line :393    File :/ATM33/tests/autogenerated/ATM/TestSuite_Account_cxx.cpp    Method :</system-err>
  </testcase>
  <testcase classname="/ATM33/tests/autogenerated/ATM/TestSuite_Account_cxx.cpp" name="TestSuite_Account_cxx_f36661c5::test_deposit_6" time="0">
    <failure type="Outcome" message="Outcome: double _return=-1.000000e+000"/>
    <system-err>Trace 
Line :411    File :/ATM33/tests/autogenerated/ATM/TestSuite_Account_cxx.cpp    Method :</system-err>
  </testcase>
  <testcase classname="/ATM33/tests/autogenerated/ATM/TestSuite_Account_cxx.cpp" name="TestSuite_Account_cxx_f36661c5::test_deposit_6" time="0">
    <failure type="Outcome" message="Outcome: int _cpptest_TestObject.myAccountNumber=0"/>
    <system-err>Trace 
Line :412    File :/ATM33/tests/autogenerated/ATM/TestSuite_Account_cxx.cpp    Method :</system-err>
  </testcase>
  <testcase classname="/ATM33/tests/autogenerated/ATM/TestSuite_Account_cxx.cpp" name="TestSuite_Account_cxx_f36661c5::test_deposit_6" time="0">
    <failure type="Outcome" message="Outcome: double _cpptest_TestObject.myBalance=-1.000000e+000"/>
    <system-err>Trace 
Line :413    File :/ATM33/tests/autogenerated/ATM/TestSuite_Account_cxx.cpp    Method :</system-err>
  </testcase>
  <testcase classname="/ATM33/tests/autogenerated/ATM/TestSuite_Account_cxx.cpp" name="TestSuite_Account_cxx_f36661c5::test_deposit_6" time="0">
    <failure type="Outcome" message="Outcome: ::std::string _cpptest_TestObject.myPassword=&quot;&quot;"/>
    <system-err>Trace 
Line :414    File :/ATM33/tests/autogenerated/ATM/TestSuite_Account_cxx.cpp    Method :</system-err>
  </testcase>
  <testcase classname="/ATM33/tests/autogenerated/ATM/TestSuite_Account_cxx.cpp" name="TestSuite_Account_cxx_f36661c5::test_deposit_7" time="0">
    <failure type="Outcome" message="Outcome: double _return=-1.000000e+000"/>
    <system-err>Trace 
Line :430    File :/ATM33/tests/autogenerated/ATM/TestSuite_Account_cxx.cpp    Method :</system-err>
  </testcase>
  <testcase classname="/ATM33/tests/autogenerated/ATM/TestSuite_Account_cxx.cpp" name="TestSuite_Account_cxx_f36661c5::test_deposit_7" time="0">
    <failure type="Outcome" message="Outcome: int _cpptest_TestObject.myAccountNumber=0"/>
    <system-err>Trace 
Line :431    File :/ATM33/tests/autogenerated/ATM/TestSuite_Account_cxx.cpp    Method :</system-err>
  </testcase>
  <testcase classname="/ATM33/tests/autogenerated/ATM/TestSuite_Account_cxx.cpp" name="TestSuite_Account_cxx_f36661c5::test_deposit_7" time="0">
    <failure type="Outcome" message="Outcome: double _cpptest_TestObject.myBalance=-1.000000e+000"/>
    <system-err>Trace 
Line :432    File :/ATM33/tests/autogenerated/ATM/TestSuite_Account_cxx.cpp    Method :</system-err>
  </testcase>
  <testcase classname="/ATM33/tests/autogenerated/ATM/TestSuite_Account_cxx.cpp" name="TestSuite_Account_cxx_f36661c5::test_deposit_7" time="0">
    <failure type="Outcome" message="Outcome: ::std::string _cpptest_TestObject.myPassword=&quot;&quot;"/>
    <system-err>Trace 
Line :433    File :/ATM33/tests/autogenerated/ATM/TestSuite_Account_cxx.cpp    Method :</system-err>
  </testcase>
  <testcase classname="/ATM33/tests/autogenerated/ATM/TestSuite_Account_cxx.cpp" name="TestSuite_Account_cxx_f36661c5::test_deposit_8" time="0">
    <failure type="Outcome" message="Outcome: double _return=1.000000e+000"/>
    <system-err>Trace 
Line :451    File :/ATM33/tests/autogenerated/ATM/TestSuite_Account_cxx.cpp    Method :</system-err>
  </testcase>
  <testcase classname="/ATM33/tests/autogenerated/ATM/TestSuite_Account_cxx.cpp" name="TestSuite_Account_cxx_f36661c5::test_deposit_8" time="0">
    <failure type="Outcome" message="Outcome: int _cpptest_TestObject.myAccountNumber=0"/>
    <system-err>Trace 
Line :452    File :/ATM33/tests/autogenerated/ATM/TestSuite_Account_cxx.cpp    Method :</system-err>
  </testcase>
  <testcase classname="/ATM33/tests/autogenerated/ATM/TestSuite_Account_cxx.cpp" name="TestSuite_Account_cxx_f36661c5::test_deposit_8" time="0">
    <failure type="Outcome" message="Outcome: double _cpptest_TestObject.myBalance=1.000000e+000"/>
    <system-err>Trace 
Line :453    File :/ATM33/tests/autogenerated/ATM/TestSuite_Account_cxx.cpp    Method :</system-err>
  </testcase>
  <testcase classname="/ATM33/tests/autogenerated/ATM/TestSuite_Account_cxx.cpp" name="TestSuite_Account_cxx_f36661c5::test_deposit_8" time="0">
    <failure type="Outcome" message="Outcome: ::std::string _cpptest_TestObject.myPassword=&quot;&quot;"/>
    <system-err>Trace 
Line :454    File :/ATM33/tests/autogenerated/ATM/TestSuite_Account_cxx.cpp    Method :</system-err>
  </testcase>
  <testcase classname="/ATM33/tests/autogenerated/ATM/TestSuite_Account_cxx.cpp" name="TestSuite_Account_cxx_f36661c5::test_deposit_9" time="0">
    <failure type="Outcome" message="Outcome: double _return=0.000000e+000"/>
    <system-err>Trace 
Line :472    File :/ATM33/tests/autogenerated/ATM/TestSuite_Account_cxx.cpp    Method :</system-err>
  </testcase>
  <testcase classname="/ATM33/tests/autogenerated/ATM/TestSuite_Account_cxx.cpp" name="TestSuite_Account_cxx_f36661c5::test_deposit_9" time="0">
    <failure type="Outcome" message="Outcome: int _cpptest_TestObject.myAccountNumber=0"/>
    <system-err>Trace 
Line :473    File :/ATM33/tests/autogenerated/ATM/TestSuite_Account_cxx.cpp    Method :</system-err>
  </testcase>
  <testcase classname="/ATM33/tests/autogenerated/ATM/TestSuite_Account_cxx.cpp" name="TestSuite_Account_cxx_f36661c5::test_deposit_9" time="0">
    <failure type="Outcome" message="Outcome: double _cpptest_TestObject.myBalance=0.000000e+000"/>
    <system-err>Trace 
Line :474    File :/ATM33/tests/autogenerated/ATM/TestSuite_Account_cxx.cpp    Method :</system-err>
  </testcase>
  <testcase classname="/ATM33/tests/autogenerated/ATM/TestSuite_Account_cxx.cpp" name="TestSuite_Account_cxx_f36661c5::test_deposit_9" time="0">
    <failure type="Outcome" message="Outcome: ::std::string _cpptest_TestObject.myPassword=&quot;&quot;"/>
    <system-err>Trace 
Line :475    File :/ATM33/tests/autogenerated/ATM/TestSuite_Account_cxx.cpp    Method :</system-err>
  </testcase>
  <testcase classname="/ATM33/tests/autogenerated/ATM/TestSuite_Bank_cxx.cpp" name="TestSuite_Bank_cxx_8b5629c::test_Bank_1" time="0">
    <failure type="Outcome" message="Outcome: int _return.myCurrentAccountNumber=0"/>
    <system-err>Trace 
Line :61    File :/ATM33/tests/autogenerated/ATM/TestSuite_Bank_cxx.cpp    Method :</system-err>
  </testcase>
  <testcase classname="/ATM33/tests/autogenerated/ATM/TestSuite_Bank_cxx.cpp" name="TestSuite_Bank_cxx_8b5629c::test_addAccount_1" time="0">
    <failure type="Outcome" message="Outcome: Account * _return =NOT_NULL"/>
    <system-err>Trace 
Line :75    File :/ATM33/tests/autogenerated/ATM/TestSuite_Bank_cxx.cpp    Method :</system-err>
  </testcase>
  <testcase classname="/ATM33/tests/autogenerated/ATM/TestSuite_Bank_cxx.cpp" name="TestSuite_Bank_cxx_8b5629c::test_addAccount_1" time="0">
    <failure type="Outcome" message="Outcome: int _cpptest_TestObject.myCurrentAccountNumber=1"/>
    <system-err>Trace 
Line :76    File :/ATM33/tests/autogenerated/ATM/TestSuite_Bank_cxx.cpp    Method :</system-err>
  </testcase>
  <testcase classname="/ATM33/tests/autogenerated/ATM/TestSuite_Bank_cxx.cpp" name="TestSuite_Bank_cxx_8b5629c::test_getAccount_1" time="0">
    <failure type="Outcome" message="Outcome: Account * _return =NULL"/>
    <system-err>Trace 
Line :94    File :/ATM33/tests/autogenerated/ATM/TestSuite_Bank_cxx.cpp    Method :</system-err>
  </testcase>
  <testcase classname="/ATM33/tests/autogenerated/ATM/TestSuite_Bank_cxx.cpp" name="TestSuite_Bank_cxx_8b5629c::test_getAccount_1" time="0">
    <failure type="Outcome" message="Outcome: int _cpptest_TestObject.myCurrentAccountNumber=0"/>
    <system-err>Trace 
Line :95    File :/ATM33/tests/autogenerated/ATM/TestSuite_Bank_cxx.cpp    Method :</system-err>
  </testcase>
  <testcase classname="/ATM33/tests/autogenerated/ATM/TestSuite_Bank_cxx.cpp" name="TestSuite_Bank_cxx_8b5629c::test_getAccount_10" time="0">
    <failure type="Outcome" message="Outcome: Account * _return =NULL"/>
    <system-err>Trace 
Line :113    File :/ATM33/tests/autogenerated/ATM/TestSuite_Bank_cxx.cpp    Method :</system-err>
  </testcase>
  <testcase classname="/ATM33/tests/autogenerated/ATM/TestSuite_Bank_cxx.cpp" name="TestSuite_Bank_cxx_8b5629c::test_getAccount_10" time="0">
    <failure type="Outcome" message="Outcome: int _cpptest_TestObject.myCurrentAccountNumber=0"/>
    <system-err>Trace 
Line :114    File :/ATM33/tests/autogenerated/ATM/TestSuite_Bank_cxx.cpp    Method :</system-err>
  </testcase>
  <testcase classname="/ATM33/tests/autogenerated/ATM/TestSuite_Bank_cxx.cpp" name="TestSuite_Bank_cxx_8b5629c::test_getAccount_2" time="0">
    <failure type="Outcome" message="Outcome: Account * _return =NULL"/>
    <system-err>Trace 
Line :132    File :/ATM33/tests/autogenerated/ATM/TestSuite_Bank_cxx.cpp    Method :</system-err>
  </testcase>
  <testcase classname="/ATM33/tests/autogenerated/ATM/TestSuite_Bank_cxx.cpp" name="TestSuite_Bank_cxx_8b5629c::test_getAccount_2" time="0">
    <failure type="Outcome" message="Outcome: int _cpptest_TestObject.myCurrentAccountNumber=0"/>
    <system-err>Trace 
Line :133    File :/ATM33/tests/autogenerated/ATM/TestSuite_Bank_cxx.cpp    Method :</system-err>
  </testcase>
  <testcase classname="/ATM33/tests/autogenerated/ATM/TestSuite_Bank_cxx.cpp" name="TestSuite_Bank_cxx_8b5629c::test_getAccount_3" time="0">
    <failure type="Outcome" message="Outcome: Account * _return =NULL"/>
    <system-err>Trace 
Line :151    File :/ATM33/tests/autogenerated/ATM/TestSuite_Bank_cxx.cpp    Method :</system-err>
  </testcase>
  <testcase classname="/ATM33/tests/autogenerated/ATM/TestSuite_Bank_cxx.cpp" name="TestSuite_Bank_cxx_8b5629c::test_getAccount_3" time="0">
    <failure type="Outcome" message="Outcome: int _cpptest_TestObject.myCurrentAccountNumber=0"/>
    <system-err>Trace 
Line :152    File :/ATM33/tests/autogenerated/ATM/TestSuite_Bank_cxx.cpp    Method :</system-err>
  </testcase>
  <testcase classname="/ATM33/tests/autogenerated/ATM/TestSuite_Bank_cxx.cpp" name="TestSuite_Bank_cxx_8b5629c::test_getAccount_4" time="0">
    <failure type="Outcome" message="Outcome: Account * _return =NULL"/>
    <system-err>Trace 
Line :170    File :/ATM33/tests/autogenerated/ATM/TestSuite_Bank_cxx.cpp    Method :</system-err>
  </testcase>
  <testcase classname="/ATM33/tests/autogenerated/ATM/TestSuite_Bank_cxx.cpp" name="TestSuite_Bank_cxx_8b5629c::test_getAccount_4" time="0">
    <failure type="Outcome" message="Outcome: int _cpptest_TestObject.myCurrentAccountNumber=0"/>
    <system-err>Trace 
Line :171    File :/ATM33/tests/autogenerated/ATM/TestSuite_Bank_cxx.cpp    Method :</system-err>
  </testcase>
  <testcase classname="/ATM33/tests/autogenerated/ATM/TestSuite_Bank_cxx.cpp" name="TestSuite_Bank_cxx_8b5629c::test_getAccount_5" time="0">
    <failure type="Outcome" message="Outcome: Account * _return =NULL"/>
    <system-err>Trace 
Line :189    File :/ATM33/tests/autogenerated/ATM/TestSuite_Bank_cxx.cpp    Method :</system-err>
  </testcase>
  <testcase classname="/ATM33/tests/autogenerated/ATM/TestSuite_Bank_cxx.cpp" name="TestSuite_Bank_cxx_8b5629c::test_getAccount_5" time="0">
    <failure type="Outcome" message="Outcome: int _cpptest_TestObject.myCurrentAccountNumber=0"/>
    <system-err>Trace 
Line :190    File :/ATM33/tests/autogenerated/ATM/TestSuite_Bank_cxx.cpp    Method :</system-err>
  </testcase>
  <testcase classname="/ATM33/tests/autogenerated/ATM/TestSuite_Bank_cxx.cpp" name="TestSuite_Bank_cxx_8b5629c::test_getAccount_6" time="0">
    <failure type="Outcome" message="Outcome: Account * _return =NULL"/>
    <system-err>Trace 
Line :208    File :/ATM33/tests/autogenerated/ATM/TestSuite_Bank_cxx.cpp    Method :</system-err>
  </testcase>
  <testcase classname="/ATM33/tests/autogenerated/ATM/TestSuite_Bank_cxx.cpp" name="TestSuite_Bank_cxx_8b5629c::test_getAccount_6" time="0">
    <failure type="Outcome" message="Outcome: int _cpptest_TestObject.myCurrentAccountNumber=0"/>
    <system-err>Trace 
Line :209    File :/ATM33/tests/autogenerated/ATM/TestSuite_Bank_cxx.cpp    Method :</system-err>
  </testcase>
  <testcase classname="/ATM33/tests/autogenerated/ATM/TestSuite_Bank_cxx.cpp" name="TestSuite_Bank_cxx_8b5629c::test_getAccount_7" time="0">
    <failure type="Outcome" message="Outcome: Account * _return =NULL"/>
    <system-err>Trace 
Line :227    File :/ATM33/tests/autogenerated/ATM/TestSuite_Bank_cxx.cpp    Method :</system-err>
  </testcase>
  <testcase classname="/ATM33/tests/autogenerated/ATM/TestSuite_Bank_cxx.cpp" name="TestSuite_Bank_cxx_8b5629c::test_getAccount_7" time="0">
    <failure type="Outcome" message="Outcome: int _cpptest_TestObject.myCurrentAccountNumber=0"/>
    <system-err>Trace 
Line :228    File :/ATM33/tests/autogenerated/ATM/TestSuite_Bank_cxx.cpp    Method :</system-err>
  </testcase>
  <testcase classname="/ATM33/tests/autogenerated/ATM/TestSuite_Bank_cxx.cpp" name="TestSuite_Bank_cxx_8b5629c::test_getAccount_8" time="0">
    <failure type="Outcome" message="Outcome: Account * _return =NULL"/>
    <system-err>Trace 
Line :246    File :/ATM33/tests/autogenerated/ATM/TestSuite_Bank_cxx.cpp    Method :</system-err>
  </testcase>
  <testcase classname="/ATM33/tests/autogenerated/ATM/TestSuite_Bank_cxx.cpp" name="TestSuite_Bank_cxx_8b5629c::test_getAccount_8" time="0">
    <failure type="Outcome" message="Outcome: int _cpptest_TestObject.myCurrentAccountNumber=0"/>
    <system-err>Trace 
Line :247    File :/ATM33/tests/autogenerated/ATM/TestSuite_Bank_cxx.cpp    Method :</system-err>
  </testcase>
  <testcase classname="/ATM33/tests/autogenerated/ATM/TestSuite_Bank_cxx.cpp" name="TestSuite_Bank_cxx_8b5629c::test_getAccount_9" time="0">
    <failure type="Outcome" message="Outcome: Account * _return =NULL"/>
    <system-err>Trace 
Line :265    File :/ATM33/tests/autogenerated/ATM/TestSuite_Bank_cxx.cpp    Method :</system-err>
  </testcase>
  <testcase classname="/ATM33/tests/autogenerated/ATM/TestSuite_Bank_cxx.cpp" name="TestSuite_Bank_cxx_8b5629c::test_getAccount_9" time="0">
    <failure type="Outcome" message="Outcome: int _cpptest_TestObject.myCurrentAccountNumber=0"/>
    <system-err>Trace 
Line :266    File :/ATM33/tests/autogenerated/ATM/TestSuite_Bank_cxx.cpp    Method :</system-err>
  </testcase>
  <testcase classname="/ATM33/tests/autogenerated/ATM/include/TestSuite_Account_hxx.cpp" name="TestSuite_Account_hxx_a303efa6::test_Account_1" time="0">
    <failure type="Outcome" message="Outcome: int _return.myAccountNumber=0"/>
    <system-err>Trace 
Line :139    File :/ATM33/tests/autogenerated/ATM/include/TestSuite_Account_hxx.cpp    Method :</system-err>
  </testcase>
  <testcase classname="/ATM33/tests/autogenerated/ATM/include/TestSuite_Account_hxx.cpp" name="TestSuite_Account_hxx_a303efa6::test_Account_1" time="0">
    <failure type="Outcome" message="Outcome: double _return.myBalance=0.000000e+000"/>
    <system-err>Trace 
Line :140    File :/ATM33/tests/autogenerated/ATM/include/TestSuite_Account_hxx.cpp    Method :</system-err>
  </testcase>
  <testcase classname="/ATM33/tests/autogenerated/ATM/include/TestSuite_Account_hxx.cpp" name="TestSuite_Account_hxx_a303efa6::test_Account_1" time="0">
    <failure type="Outcome" message="Outcome: ::std::string _return.myPassword=&quot;&quot;"/>
    <system-err>Trace 
Line :141    File :/ATM33/tests/autogenerated/ATM/include/TestSuite_Account_hxx.cpp    Method :</system-err>
  </testcase>
  <testcase classname="/ATM33/tests/autogenerated/ATM/include/TestSuite_Account_hxx.cpp" name="TestSuite_Account_hxx_a303efa6::test_Account_3" time="0">
    <failure type="Outcome" message="Outcome: int _return.myAccountNumber=0"/>
    <system-err>Trace 
Line :155    File :/ATM33/tests/autogenerated/ATM/include/TestSuite_Account_hxx.cpp    Method :</system-err>
  </testcase>
  <testcase classname="/ATM33/tests/autogenerated/ATM/include/TestSuite_Account_hxx.cpp" name="TestSuite_Account_hxx_a303efa6::test_Account_3" time="0">
    <failure type="Outcome" message="Outcome: double _return.myBalance=1.797693e+308"/>
    <system-err>Trace 
Line :156    File :/ATM33/tests/autogenerated/ATM/include/TestSuite_Account_hxx.cpp    Method :</system-err>
  </testcase>
  <testcase classname="/ATM33/tests/autogenerated/ATM/include/TestSuite_Account_hxx.cpp" name="TestSuite_Account_hxx_a303efa6::test_Account_3" time="0">
    <failure type="Outcome" message="Outcome: ::std::string _return.myPassword=&quot;&quot;"/>
    <system-err>Trace 
Line :157    File :/ATM33/tests/autogenerated/ATM/include/TestSuite_Account_hxx.cpp    Method :</system-err>
  </testcase>
  <testcase classname="/ATM33/tests/autogenerated/ATM/include/TestSuite_Account_hxx.cpp" name="TestSuite_Account_hxx_a303efa6::test_Account_4" time="0">
    <failure type="Outcome" message="Outcome: int _return.myAccountNumber=0"/>
    <system-err>Trace 
Line :171    File :/ATM33/tests/autogenerated/ATM/include/TestSuite_Account_hxx.cpp    Method :</system-err>
  </testcase>
  <testcase classname="/ATM33/tests/autogenerated/ATM/include/TestSuite_Account_hxx.cpp" name="TestSuite_Account_hxx_a303efa6::test_Account_4" time="0">
    <failure type="Outcome" message="Outcome: double _return.myBalance=-2.225074e-308"/>
    <system-err>Trace 
Line :172    File :/ATM33/tests/autogenerated/ATM/include/TestSuite_Account_hxx.cpp    Method :</system-err>
  </testcase>
  <testcase classname="/ATM33/tests/autogenerated/ATM/include/TestSuite_Account_hxx.cpp" name="TestSuite_Account_hxx_a303efa6::test_Account_4" time="0">
    <failure type="Outcome" message="Outcome: ::std::string _return.myPassword=&quot;&quot;"/>
    <system-err>Trace 
Line :173    File :/ATM33/tests/autogenerated/ATM/include/TestSuite_Account_hxx.cpp    Method :</system-err>
  </testcase>
  <testcase classname="/ATM33/tests/autogenerated/ATM/include/TestSuite_Account_hxx.cpp" name="TestSuite_Account_hxx_a303efa6::test_Account_5" time="0">
    <failure type="Outcome" message="Outcome: int _return.myAccountNumber=0"/>
    <system-err>Trace 
Line :187    File :/ATM33/tests/autogenerated/ATM/include/TestSuite_Account_hxx.cpp    Method :</system-err>
  </testcase>
  <testcase classname="/ATM33/tests/autogenerated/ATM/include/TestSuite_Account_hxx.cpp" name="TestSuite_Account_hxx_a303efa6::test_Account_5" time="0">
    <failure type="Outcome" message="Outcome: double _return.myBalance=-1.797693e+308"/>
    <system-err>Trace 
Line :188    File :/ATM33/tests/autogenerated/ATM/include/TestSuite_Account_hxx.cpp    Method :</system-err>
  </testcase>
  <testcase classname="/ATM33/tests/autogenerated/ATM/include/TestSuite_Account_hxx.cpp" name="TestSuite_Account_hxx_a303efa6::test_Account_5" time="0">
    <failure type="Outcome" message="Outcome: ::std::string _return.myPassword=&quot;&quot;"/>
    <system-err>Trace 
Line :189    File :/ATM33/tests/autogenerated/ATM/include/TestSuite_Account_hxx.cpp    Method :</system-err>
  </testcase>
  <testcase classname="/ATM33/tests/autogenerated/ATM/include/TestSuite_Account_hxx.cpp" name="TestSuite_Account_hxx_a303efa6::test_Account_6" time="0">
    <failure type="Outcome" message="Outcome: int _return.myAccountNumber=0"/>
    <system-err>Trace 
Line :203    File :/ATM33/tests/autogenerated/ATM/include/TestSuite_Account_hxx.cpp    Method :</system-err>
  </testcase>
  <testcase classname="/ATM33/tests/autogenerated/ATM/include/TestSuite_Account_hxx.cpp" name="TestSuite_Account_hxx_a303efa6::test_Account_6" time="0">
    <failure type="Outcome" message="Outcome: double _return.myBalance=-1.000000e+000"/>
    <system-err>Trace 
Line :204    File :/ATM33/tests/autogenerated/ATM/include/TestSuite_Account_hxx.cpp    Method :</system-err>
  </testcase>
  <testcase classname="/ATM33/tests/autogenerated/ATM/include/TestSuite_Account_hxx.cpp" name="TestSuite_Account_hxx_a303efa6::test_Account_6" time="0">
    <failure type="Outcome" message="Outcome: ::std::string _return.myPassword=&quot;&quot;"/>
    <system-err>Trace 
Line :205    File :/ATM33/tests/autogenerated/ATM/include/TestSuite_Account_hxx.cpp    Method :</system-err>
  </testcase>
  <testcase classname="/ATM33/tests/autogenerated/ATM/include/TestSuite_Account_hxx.cpp" name="TestSuite_Account_hxx_a303efa6::test_Account_7" time="0">
    <failure type="Outcome" message="Outcome: int _return.myAccountNumber=0"/>
    <system-err>Trace 
Line :219    File :/ATM33/tests/autogenerated/ATM/include/TestSuite_Account_hxx.cpp    Method :</system-err>
  </testcase>
  <testcase classname="/ATM33/tests/autogenerated/ATM/include/TestSuite_Account_hxx.cpp" name="TestSuite_Account_hxx_a303efa6::test_Account_7" time="0">
    <failure type="Outcome" message="Outcome: double _return.myBalance=2.225074e-308"/>
    <system-err>Trace 
Line :220    File :/ATM33/tests/autogenerated/ATM/include/TestSuite_Account_hxx.cpp    Method :</system-err>
  </testcase>
  <testcase classname="/ATM33/tests/autogenerated/ATM/include/TestSuite_Account_hxx.cpp" name="TestSuite_Account_hxx_a303efa6::test_Account_7" time="0">
    <failure type="Outcome" message="Outcome: ::std::string _return.myPassword=&quot;&quot;"/>
    <system-err>Trace 
Line :221    File :/ATM33/tests/autogenerated/ATM/include/TestSuite_Account_hxx.cpp    Method :</system-err>
  </testcase>
  <testcase classname="/ATM33/tests/autogenerated/ATM/include/TestSuite_Account_hxx.cpp" name="TestSuite_Account_hxx_a303efa6::test_Account_8" time="0">
    <failure type="Outcome" message="Outcome: int _return.myAccountNumber=0"/>
    <system-err>Trace 
Line :235    File :/ATM33/tests/autogenerated/ATM/include/TestSuite_Account_hxx.cpp    Method :</system-err>
  </testcase>
  <testcase classname="/ATM33/tests/autogenerated/ATM/include/TestSuite_Account_hxx.cpp" name="TestSuite_Account_hxx_a303efa6::test_Account_8" time="0">
    <failure type="Outcome" message="Outcome: double _return.myBalance=1.000000e+000"/>
    <system-err>Trace 
Line :236    File :/ATM33/tests/autogenerated/ATM/include/TestSuite_Account_hxx.cpp    Method :</system-err>
  </testcase>
  <testcase classname="/ATM33/tests/autogenerated/ATM/include/TestSuite_Account_hxx.cpp" name="TestSuite_Account_hxx_a303efa6::test_Account_8" time="0">
    <failure type="Outcome" message="Outcome: ::std::string _return.myPassword=&quot;&quot;"/>
    <system-err>Trace 
Line :237    File :/ATM33/tests/autogenerated/ATM/include/TestSuite_Account_hxx.cpp    Method :</system-err>
  </testcase>
  <testcase classname="/ATM33/tests/autogenerated/ATM/include/TestSuite_Account_hxx.cpp" name="TestSuite_Account_hxx_a303efa6::test_Account_9" time="0">
    <failure type="Outcome" message="Outcome: int _return.myAccountNumber=0"/>
    <system-err>Trace 
Line :251    File :/ATM33/tests/autogenerated/ATM/include/TestSuite_Account_hxx.cpp    Method :</system-err>
  </testcase>
  <testcase classname="/ATM33/tests/autogenerated/ATM/include/TestSuite_Account_hxx.cpp" name="TestSuite_Account_hxx_a303efa6::test_Account_9" time="0">
    <failure type="Outcome" message="Outcome: double _return.myBalance=0.000000e+000"/>
    <system-err>Trace 
Line :252    File :/ATM33/tests/autogenerated/ATM/include/TestSuite_Account_hxx.cpp    Method :</system-err>
  </testcase>
  <testcase classname="/ATM33/tests/autogenerated/ATM/include/TestSuite_Account_hxx.cpp" name="TestSuite_Account_hxx_a303efa6::test_Account_9" time="0">
    <failure type="Outcome" message="Outcome: ::std::string _return.myPassword=&quot;&quot;"/>
    <system-err>Trace 
Line :253    File :/ATM33/tests/autogenerated/ATM/include/TestSuite_Account_hxx.cpp    Method :</system-err>
  </testcase>
  <testcase classname="/ATM33/tests/autogenerated/ATM/include/TestSuite_Account_hxx.cpp" name="TestSuite_Account_hxx_a303efa6::test_getAccountNumber_1" time="0">
    <failure type="Outcome" message="Outcome: int _return=0"/>
    <system-err>Trace 
Line :269    File :/ATM33/tests/autogenerated/ATM/include/TestSuite_Account_hxx.cpp    Method :</system-err>
  </testcase>
  <testcase classname="/ATM33/tests/autogenerated/ATM/include/TestSuite_Account_hxx.cpp" name="TestSuite_Account_hxx_a303efa6::test_getAccountNumber_1" time="0">
    <failure type="Outcome" message="Outcome: int _cpptest_TestObject.myAccountNumber=0"/>
    <system-err>Trace 
Line :270    File :/ATM33/tests/autogenerated/ATM/include/TestSuite_Account_hxx.cpp    Method :</system-err>
  </testcase>
  <testcase classname="/ATM33/tests/autogenerated/ATM/include/TestSuite_Account_hxx.cpp" name="TestSuite_Account_hxx_a303efa6::test_getAccountNumber_1" time="0">
    <failure type="Outcome" message="Outcome: double _cpptest_TestObject.myBalance=1.797693e+308"/>
    <system-err>Trace 
Line :271    File :/ATM33/tests/autogenerated/ATM/include/TestSuite_Account_hxx.cpp    Method :</system-err>
  </testcase>
  <testcase classname="/ATM33/tests/autogenerated/ATM/include/TestSuite_Account_hxx.cpp" name="TestSuite_Account_hxx_a303efa6::test_getAccountNumber_1" time="0">
    <failure type="Outcome" message="Outcome: ::std::string _cpptest_TestObject.myPassword=&quot;&quot;"/>
    <system-err>Trace 
Line :272    File :/ATM33/tests/autogenerated/ATM/include/TestSuite_Account_hxx.cpp    Method :</system-err>
  </testcase>
  <testcase classname="/ATM33/tests/autogenerated/ATM/include/TestSuite_Account_hxx.cpp" name="TestSuite_Account_hxx_a303efa6::test_getAccountNumber_2" time="0">
    <failure type="Outcome" message="Outcome: int _return=0"/>
    <system-err>Trace 
Line :288    File :/ATM33/tests/autogenerated/ATM/include/TestSuite_Account_hxx.cpp    Method :</system-err>
  </testcase>
  <testcase classname="/ATM33/tests/autogenerated/ATM/include/TestSuite_Account_hxx.cpp" name="TestSuite_Account_hxx_a303efa6::test_getAccountNumber_2" time="0">
    <failure type="Outcome" message="Outcome: int _cpptest_TestObject.myAccountNumber=0"/>
    <system-err>Trace 
Line :289    File :/ATM33/tests/autogenerated/ATM/include/TestSuite_Account_hxx.cpp    Method :</system-err>
  </testcase>
  <testcase classname="/ATM33/tests/autogenerated/ATM/include/TestSuite_Account_hxx.cpp" name="TestSuite_Account_hxx_a303efa6::test_getAccountNumber_2" time="0">
    <failure type="Outcome" message="Outcome: double _cpptest_TestObject.myBalance=-2.225074e-308"/>
    <system-err>Trace 
Line :290    File :/ATM33/tests/autogenerated/ATM/include/TestSuite_Account_hxx.cpp    Method :</system-err>
  </testcase>
  <testcase classname="/ATM33/tests/autogenerated/ATM/include/TestSuite_Account_hxx.cpp" name="TestSuite_Account_hxx_a303efa6::test_getAccountNumber_2" time="0">
    <failure type="Outcome" message="Outcome: ::std::string _cpptest_TestObject.myPassword=&quot;&quot;"/>
    <system-err>Trace 
Line :291    File :/ATM33/tests/autogenerated/ATM/include/TestSuite_Account_hxx.cpp    Method :</system-err>
  </testcase>
  <testcase classname="/ATM33/tests/autogenerated/ATM/include/TestSuite_Account_hxx.cpp" name="TestSuite_Account_hxx_a303efa6::test_getAccountNumber_3" time="0">
    <failure type="Outcome" message="Outcome: int _return=0"/>
    <system-err>Trace 
Line :307    File :/ATM33/tests/autogenerated/ATM/include/TestSuite_Account_hxx.cpp    Method :</system-err>
  </testcase>
  <testcase classname="/ATM33/tests/autogenerated/ATM/include/TestSuite_Account_hxx.cpp" name="TestSuite_Account_hxx_a303efa6::test_getAccountNumber_3" time="0">
    <failure type="Outcome" message="Outcome: int _cpptest_TestObject.myAccountNumber=0"/>
    <system-err>Trace 
Line :308    File :/ATM33/tests/autogenerated/ATM/include/TestSuite_Account_hxx.cpp    Method :</system-err>
  </testcase>
  <testcase classname="/ATM33/tests/autogenerated/ATM/include/TestSuite_Account_hxx.cpp" name="TestSuite_Account_hxx_a303efa6::test_getAccountNumber_3" time="0">
    <failure type="Outcome" message="Outcome: double _cpptest_TestObject.myBalance=-1.797693e+308"/>
    <system-err>Trace 
Line :309    File :/ATM33/tests/autogenerated/ATM/include/TestSuite_Account_hxx.cpp    Method :</system-err>
  </testcase>
  <testcase classname="/ATM33/tests/autogenerated/ATM/include/TestSuite_Account_hxx.cpp" name="TestSuite_Account_hxx_a303efa6::test_getAccountNumber_3" time="0">
    <failure type="Outcome" message="Outcome: ::std::string _cpptest_TestObject.myPassword=&quot;&quot;"/>
    <system-err>Trace 
Line :310    File :/ATM33/tests/autogenerated/ATM/include/TestSuite_Account_hxx.cpp    Method :</system-err>
  </testcase>
  <testcase classname="/ATM33/tests/autogenerated/ATM/include/TestSuite_Account_hxx.cpp" name="TestSuite_Account_hxx_a303efa6::test_getAccountNumber_4" time="0">
    <failure type="Outcome" message="Outcome: int _return=0"/>
    <system-err>Trace 
Line :326    File :/ATM33/tests/autogenerated/ATM/include/TestSuite_Account_hxx.cpp    Method :</system-err>
  </testcase>
  <testcase classname="/ATM33/tests/autogenerated/ATM/include/TestSuite_Account_hxx.cpp" name="TestSuite_Account_hxx_a303efa6::test_getAccountNumber_4" time="0">
    <failure type="Outcome" message="Outcome: int _cpptest_TestObject.myAccountNumber=0"/>
    <system-err>Trace 
Line :327    File :/ATM33/tests/autogenerated/ATM/include/TestSuite_Account_hxx.cpp    Method :</system-err>
  </testcase>
  <testcase classname="/ATM33/tests/autogenerated/ATM/include/TestSuite_Account_hxx.cpp" name="TestSuite_Account_hxx_a303efa6::test_getAccountNumber_4" time="0">
    <failure type="Outcome" message="Outcome: double _cpptest_TestObject.myBalance=-1.000000e+000"/>
    <system-err>Trace 
Line :328    File :/ATM33/tests/autogenerated/ATM/include/TestSuite_Account_hxx.cpp    Method :</system-err>
  </testcase>
  <testcase classname="/ATM33/tests/autogenerated/ATM/include/TestSuite_Account_hxx.cpp" name="TestSuite_Account_hxx_a303efa6::test_getAccountNumber_4" time="0">
    <failure type="Outcome" message="Outcome: ::std::string _cpptest_TestObject.myPassword=&quot;&quot;"/>
    <system-err>Trace 
Line :329    File :/ATM33/tests/autogenerated/ATM/include/TestSuite_Account_hxx.cpp    Method :</system-err>
  </testcase>
  <testcase classname="/ATM33/tests/autogenerated/ATM/include/TestSuite_Account_hxx.cpp" name="TestSuite_Account_hxx_a303efa6::test_getAccountNumber_5" time="0">
    <failure type="Outcome" message="Outcome: int _return=0"/>
    <system-err>Trace 
Line :345    File :/ATM33/tests/autogenerated/ATM/include/TestSuite_Account_hxx.cpp    Method :</system-err>
  </testcase>
  <testcase classname="/ATM33/tests/autogenerated/ATM/include/TestSuite_Account_hxx.cpp" name="TestSuite_Account_hxx_a303efa6::test_getAccountNumber_5" time="0">
    <failure type="Outcome" message="Outcome: int _cpptest_TestObject.myAccountNumber=0"/>
    <system-err>Trace 
Line :346    File :/ATM33/tests/autogenerated/ATM/include/TestSuite_Account_hxx.cpp    Method :</system-err>
  </testcase>
  <testcase classname="/ATM33/tests/autogenerated/ATM/include/TestSuite_Account_hxx.cpp" name="TestSuite_Account_hxx_a303efa6::test_getAccountNumber_5" time="0">
    <failure type="Outcome" message="Outcome: double _cpptest_TestObject.myBalance=2.225074e-308"/>
    <system-err>Trace 
Line :347    File :/ATM33/tests/autogenerated/ATM/include/TestSuite_Account_hxx.cpp    Method :</system-err>
  </testcase>
  <testcase classname="/ATM33/tests/autogenerated/ATM/include/TestSuite_Account_hxx.cpp" name="TestSuite_Account_hxx_a303efa6::test_getAccountNumber_5" time="0">
    <failure type="Outcome" message="Outcome: ::std::string _cpptest_TestObject.myPassword=&quot;&quot;"/>
    <system-err>Trace 
Line :348    File :/ATM33/tests/autogenerated/ATM/include/TestSuite_Account_hxx.cpp    Method :</system-err>
  </testcase>
  <testcase classname="/ATM33/tests/autogenerated/ATM/include/TestSuite_Account_hxx.cpp" name="TestSuite_Account_hxx_a303efa6::test_getAccountNumber_6" time="0">
    <failure type="Outcome" message="Outcome: int _return=0"/>
    <system-err>Trace 
Line :364    File :/ATM33/tests/autogenerated/ATM/include/TestSuite_Account_hxx.cpp    Method :</system-err>
  </testcase>
[...]
    <failure type="Outcome" message="Outcome: int _cpptest_TestObject.myAccountNumber=2147483647"/>
    <system-err>Trace 
Line :761    File :/ATM33/tests/autogenerated/ATM/include/TestSuite_Account_hxx.cpp    Method :</system-err>
  </testcase>
  <testcase classname="/ATM33/tests/autogenerated/ATM/include/TestSuite_Account_hxx.cpp" name="TestSuite_Account_hxx_a303efa6::test_setAccountNumber_2" time="0">
    <failure type="Outcome" message="Outcome: double _cpptest_TestObject.myBalance=-2.225074e-308"/>
    <system-err>Trace 
Line :762    File :/ATM33/tests/autogenerated/ATM/include/TestSuite_Account_hxx.cpp    Method :</system-err>
  </testcase>
  <testcase classname="/ATM33/tests/autogenerated/ATM/include/TestSuite_Account_hxx.cpp" name="TestSuite_Account_hxx_a303efa6::test_setAccountNumber_2" time="0">
    <failure type="Outcome" message="Outcome: ::std::string _cpptest_TestObject.myPassword=&quot;&quot;"/>
    <system-err>Trace 
Line :763    File :/ATM33/tests/autogenerated/ATM/include/TestSuite_Account_hxx.cpp    Method :</system-err>
  </testcase>
  <testcase classname="/ATM33/tests/autogenerated/ATM/include/TestSuite_Account_hxx.cpp" name="TestSuite_Account_hxx_a303efa6::test_setAccountNumber_3" time="0">
    <failure type="Outcome" message="Outcome: int _cpptest_TestObject.myAccountNumber=2147483647"/>
    <system-err>Trace 
Line :781    File :/ATM33/tests/autogenerated/ATM/include/TestSuite_Account_hxx.cpp    Method :</system-err>
  </testcase>
  <testcase classname="/ATM33/tests/autogenerated/ATM/include/TestSuite_Account_hxx.cpp" name="TestSuite_Account_hxx_a303efa6::test_setAccountNumber_3" time="0">
    <failure type="Outcome" message="Outcome: double _cpptest_TestObject.myBalance=1.000000e+000"/>
    <system-err>Trace 
Line :782    File :/ATM33/tests/autogenerated/ATM/include/TestSuite_Account_hxx.cpp    Method :</system-err>
  </testcase>
  <testcase classname="/ATM33/tests/autogenerated/ATM/include/TestSuite_Account_hxx.cpp" name="TestSuite_Account_hxx_a303efa6::test_setAccountNumber_3" time="0">
    <failure type="Outcome" message="Outcome: ::std::string _cpptest_TestObject.myPassword=&quot;&quot;"/>
    <system-err>Trace 
Line :783    File :/ATM33/tests/autogenerated/ATM/include/TestSuite_Account_hxx.cpp    Method :</system-err>
  </testcase>
  <testcase classname="/ATM33/tests/autogenerated/ATM/include/TestSuite_Account_hxx.cpp" name="TestSuite_Account_hxx_a303efa6::test_setAccountNumber_4" time="0">
    <failure type="Outcome" message="Outcome: int _cpptest_TestObject.myAccountNumber=-2147483648"/>
    <system-err>Trace 
Line :801    File :/ATM33/tests/autogenerated/ATM/include/TestSuite_Account_hxx.cpp    Method :</system-err>
  </testcase>
  <testcase classname="/ATM33/tests/autogenerated/ATM/include/TestSuite_Account_hxx.cpp" name="TestSuite_Account_hxx_a303efa6::test_setAccountNumber_4" time="0">
    <failure type="Outcome" message="Outcome: double _cpptest_TestObject.myBalance=-2.225074e-308"/>
    <system-err>Trace 
Line :802    File :/ATM33/tests/autogenerated/ATM/include/TestSuite_Account_hxx.cpp    Method :</system-err>
  </testcase>
  <testcase classname="/ATM33/tests/autogenerated/ATM/include/TestSuite_Account_hxx.cpp" name="TestSuite_Account_hxx_a303efa6::test_setAccountNumber_4" time="0">
    <failure type="Outcome" message="Outcome: ::std::string _cpptest_TestObject.myPassword=&quot;&quot;"/>
    <system-err>Trace 
Line :803    File :/ATM33/tests/autogenerated/ATM/include/TestSuite_Account_hxx.cpp    Method :</system-err>
  </testcase>
  <testcase classname="/ATM33/tests/autogenerated/ATM/include/TestSuite_Account_hxx.cpp" name="TestSuite_Account_hxx_a303efa6::test_setAccountNumber_5" time="0">
    <failure type="Outcome" message="Outcome: int _cpptest_TestObject.myAccountNumber=-2147483648"/>
    <system-err>Trace 
Line :821    File :/ATM33/tests/autogenerated/ATM/include/TestSuite_Account_hxx.cpp    Method :</system-err>
  </testcase>
  <testcase classname="/ATM33/tests/autogenerated/ATM/include/TestSuite_Account_hxx.cpp" name="TestSuite_Account_hxx_a303efa6::test_setAccountNumber_5" time="0">
    <failure type="Outcome" message="Outcome: double _cpptest_TestObject.myBalance=1.000000e+000"/>
    <system-err>Trace 
Line :822    File :/ATM33/tests/autogenerated/ATM/include/TestSuite_Account_hxx.cpp    Method :</system-err>
  </testcase>
  <testcase classname="/ATM33/tests/autogenerated/ATM/include/TestSuite_Account_hxx.cpp" name="TestSuite_Account_hxx_a303efa6::test_setAccountNumber_5" time="0">
    <failure type="Outcome" message="Outcome: ::std::string _cpptest_TestObject.myPassword=&quot;&quot;"/>
    <system-err>Trace 
Line :823    File :/ATM33/tests/autogenerated/ATM/include/TestSuite_Account_hxx.cpp    Method :</system-err>
  </testcase>
  <testcase classname="/ATM33/tests/autogenerated/ATM/include/TestSuite_Account_hxx.cpp" name="TestSuite_Account_hxx_a303efa6::test_setAccountNumber_6" time="0">
    <failure type="Outcome" message="Outcome: int _cpptest_TestObject.myAccountNumber=-1"/>
    <system-err>Trace 
Line :841    File :/ATM33/tests/autogenerated/ATM/include/TestSuite_Account_hxx.cpp    Method :</system-err>
  </testcase>
  <testcase classname="/ATM33/tests/autogenerated/ATM/include/TestSuite_Account_hxx.cpp" name="TestSuite_Account_hxx_a303efa6::test_setAccountNumber_6" time="0">
    <failure type="Outcome" message="Outcome: double _cpptest_TestObject.myBalance=-2.225074e-308"/>
    <system-err>Trace 
Line :842    File :/ATM33/tests/autogenerated/ATM/include/TestSuite_Account_hxx.cpp    Method :</system-err>
  </testcase>
  <testcase classname="/ATM33/tests/autogenerated/ATM/include/TestSuite_Account_hxx.cpp" name="TestSuite_Account_hxx_a303efa6::test_setAccountNumber_6" time="0">
    <failure type="Outcome" message="Outcome: ::std::string _cpptest_TestObject.myPassword=&quot;&quot;"/>
    <system-err>Trace 
Line :843    File :/ATM33/tests/autogenerated/ATM/include/TestSuite_Account_hxx.cpp    Method :</system-err>
  </testcase>
  <testcase classname="/ATM33/tests/autogenerated/ATM/include/TestSuite_Account_hxx.cpp" name="TestSuite_Account_hxx_a303efa6::test_setAccountNumber_7" time="0">
    <failure type="Outcome" message="Outcome: int _cpptest_TestObject.myAccountNumber=-1"/>
    <system-err>Trace 
Line :861    File :/ATM33/tests/autogenerated/ATM/include/TestSuite_Account_hxx.cpp    Method :</system-err>
  </testcase>
  <testcase classname="/ATM33/tests/autogenerated/ATM/include/TestSuite_Account_hxx.cpp" name="TestSuite_Account_hxx_a303efa6::test_setAccountNumber_7" time="0">
    <failure type="Outcome" message="Outcome: double _cpptest_TestObject.myBalance=1.000000e+000"/>
    <system-err>Trace 
Line :862    File :/ATM33/tests/autogenerated/ATM/include/TestSuite_Account_hxx.cpp    Method :</system-err>
  </testcase>
  <testcase classname="/ATM33/tests/autogenerated/ATM/include/TestSuite_Account_hxx.cpp" name="TestSuite_Account_hxx_a303efa6::test_setAccountNumber_7" time="0">
    <failure type="Outcome" message="Outcome: ::std::string _cpptest_TestObject.myPassword=&quot;&quot;"/>
    <system-err>Trace 
Line :863    File :/ATM33/tests/autogenerated/ATM/include/TestSuite_Account_hxx.cpp    Method :</system-err>
  </testcase>
  <testcase classname="/ATM33/tests/autogenerated/ATM/include/TestSuite_Account_hxx.cpp" name="TestSuite_Account_hxx_a303efa6::test_setAccountNumber_8" time="0">
    <failure type="Outcome" message="Outcome: int _cpptest_TestObject.myAccountNumber=1"/>
    <system-err>Trace 
Line :881    File :/ATM33/tests/autogenerated/ATM/include/TestSuite_Account_hxx.cpp    Method :</system-err>
  </testcase>
  <testcase classname="/ATM33/tests/autogenerated/ATM/include/TestSuite_Account_hxx.cpp" name="TestSuite_Account_hxx_a303efa6::test_setAccountNumber_8" time="0">
    <failure type="Outcome" message="Outcome: double _cpptest_TestObject.myBalance=-2.225074e-308"/>
    <system-err>Trace 
Line :882    File :/ATM33/tests/autogenerated/ATM/include/TestSuite_Account_hxx.cpp    Method :</system-err>
  </testcase>
  <testcase classname="/ATM33/tests/autogenerated/ATM/include/TestSuite_Account_hxx.cpp" name="TestSuite_Account_hxx_a303efa6::test_setAccountNumber_8" time="0">
    <failure type="Outcome" message="Outcome: ::std::string _cpptest_TestObject.myPassword=&quot;&quot;"/>
    <system-err>Trace 
Line :883    File :/ATM33/tests/autogenerated/ATM/include/TestSuite_Account_hxx.cpp    Method :</system-err>
  </testcase>
  <testcase classname="/ATM33/tests/autogenerated/ATM/include/TestSuite_Account_hxx.cpp" name="TestSuite_Account_hxx_a303efa6::test_setAccountNumber_9" time="0">
    <failure type="Outcome" message="Outcome: int _cpptest_TestObject.myAccountNumber=1"/>
    <system-err>Trace 
Line :901    File :/ATM33/tests/autogenerated/ATM/include/TestSuite_Account_hxx.cpp    Method :</system-err>
  </testcase>
  <testcase classname="/ATM33/tests/autogenerated/ATM/include/TestSuite_Account_hxx.cpp" name="TestSuite_Account_hxx_a303efa6::test_setAccountNumber_9" time="0">
    <failure type="Outcome" message="Outcome: double _cpptest_TestObject.myBalance=0.000000e+000"/>
    <system-err>Trace 
Line :902    File :/ATM33/tests/autogenerated/ATM/include/TestSuite_Account_hxx.cpp    Method :</system-err>
  </testcase>
  <testcase classname="/ATM33/tests/autogenerated/ATM/include/TestSuite_Account_hxx.cpp" name="TestSuite_Account_hxx_a303efa6::test_setAccountNumber_9" time="0">
    <failure type="Outcome" message="Outcome: ::std::string _cpptest_TestObject.myPassword=&quot;&quot;"/>
    <system-err>Trace 
Line :903    File :/ATM33/tests/autogenerated/ATM/include/TestSuite_Account_hxx.cpp    Method :</system-err>
  </testcase>
  <testcase classname="/ATM33/tests/autogenerated/ATM/include/TestSuite_Account_hxx.cpp" name="TestSuite_Account_hxx_a303efa6::test_setPassword_1" time="0">
    <failure type="Outcome" message="Outcome: int _cpptest_TestObject.myAccountNumber=0"/>
    <system-err>Trace 
Line :921    File :/ATM33/tests/autogenerated/ATM/include/TestSuite_Account_hxx.cpp    Method :</system-err>
  </testcase>
  <testcase classname="/ATM33/tests/autogenerated/ATM/include/TestSuite_Account_hxx.cpp" name="TestSuite_Account_hxx_a303efa6::test_setPassword_1" time="0">
    <failure type="Outcome" message="Outcome: double _cpptest_TestObject.myBalance=1.797693e+308"/>
    <system-err>Trace 
Line :922    File :/ATM33/tests/autogenerated/ATM/include/TestSuite_Account_hxx.cpp    Method :</system-err>
  </testcase>
  <testcase classname="/ATM33/tests/autogenerated/ATM/include/TestSuite_Account_hxx.cpp" name="TestSuite_Account_hxx_a303efa6::test_setPassword_1" time="0">
    <failure type="Outcome" message="Outcome: ::std::string _cpptest_TestObject.myPassword=&quot;&quot;"/>
    <system-err>Trace 
Line :923    File :/ATM33/tests/autogenerated/ATM/include/TestSuite_Account_hxx.cpp    Method :</system-err>
  </testcase>
  <testcase classname="/ATM33/tests/autogenerated/ATM/include/TestSuite_Account_hxx.cpp" name="TestSuite_Account_hxx_a303efa6::test_setPassword_2" time="0">
    <failure type="Outcome" message="Outcome: int _cpptest_TestObject.myAccountNumber=0"/>
    <system-err>Trace 
Line :961    File :/ATM33/tests/autogenerated/ATM/include/TestSuite_Account_hxx.cpp    Method :</system-err>
  </testcase>
  <testcase classname="/ATM33/tests/autogenerated/ATM/include/TestSuite_Account_hxx.cpp" name="TestSuite_Account_hxx_a303efa6::test_setPassword_2" time="0">
    <failure type="Outcome" message="Outcome: double _cpptest_TestObject.myBalance=-2.225074e-308"/>
    <system-err>Trace 
Line :962    File :/ATM33/tests/autogenerated/ATM/include/TestSuite_Account_hxx.cpp    Method :</system-err>
  </testcase>
  <testcase classname="/ATM33/tests/autogenerated/ATM/include/TestSuite_Account_hxx.cpp" name="TestSuite_Account_hxx_a303efa6::test_setPassword_2" time="0">
    <failure type="Outcome" message="Outcome: ::std::string _cpptest_TestObject.myPassword=&quot;&quot;"/>
    <system-err>Trace 
Line :963    File :/ATM33/tests/autogenerated/ATM/include/TestSuite_Account_hxx.cpp    Method :</system-err>
  </testcase>
  <testcase classname="/ATM33/tests/autogenerated/ATM/include/TestSuite_Account_hxx.cpp" name="TestSuite_Account_hxx_a303efa6::test_setPassword_3" time="0">
    <failure type="Outcome" message="Outcome: int _cpptest_TestObject.myAccountNumber=0"/>
    <system-err>Trace 
Line :981    File :/ATM33/tests/autogenerated/ATM/include/TestSuite_Account_hxx.cpp    Method :</system-err>
  </testcase>
  <testcase classname="/ATM33/tests/autogenerated/ATM/include/TestSuite_Account_hxx.cpp" name="TestSuite_Account_hxx_a303efa6::test_setPassword_3" time="0">
    <failure type="Outcome" message="Outcome: double _cpptest_TestObject.myBalance=2.225074e-308"/>
    <system-err>Trace 
Line :982    File :/ATM33/tests/autogenerated/ATM/include/TestSuite_Account_hxx.cpp    Method :</system-err>
  </testcase>
  <testcase classname="/ATM33/tests/autogenerated/ATM/include/TestSuite_Account_hxx.cpp" name="TestSuite_Account_hxx_a303efa6::test_setPassword_3" time="0">
    <failure type="Outcome" message="Outcome: ::std::string _cpptest_TestObject.myPassword=&quot;&quot;"/>
    <system-err>Trace 
Line :983    File :/ATM33/tests/autogenerated/ATM/include/TestSuite_Account_hxx.cpp    Method :</system-err>
  </testcase>
  <testcase classname="/ATM33/tests/autogenerated/ATM/include/TestSuite_Account_hxx.cpp" name="TestSuite_Account_hxx_a303efa6::test_setPassword_4" time="0">
    <failure type="Outcome" message="Outcome: int _cpptest_TestObject.myAccountNumber=0"/>
    <system-err>Trace 
Line :999    File :/ATM33/tests/autogenerated/ATM/include/TestSuite_Account_hxx.cpp    Method :</system-err>
  </testcase>
  <testcase classname="/ATM33/tests/autogenerated/ATM/include/TestSuite_Account_hxx.cpp" name="TestSuite_Account_hxx_a303efa6::test_setPassword_4" time="0">
    <failure type="Outcome" message="Outcome: double _cpptest_TestObject.myBalance=0.000000e+000"/>
    <system-err>Trace 
Line :1000    File :/ATM33/tests/autogenerated/ATM/include/TestSuite_Account_hxx.cpp    Method :</system-err>
  </testcase>
  <testcase classname="/ATM33/tests/autogenerated/ATM/include/TestSuite_Account_hxx.cpp" name="TestSuite_Account_hxx_a303efa6::test_setPassword_4" time="0">
    <failure type="Outcome" message="Outcome: ::std::string _cpptest_TestObject.myPassword=&quot;&quot;"/>
    <system-err>Trace 
Line :1001    File :/ATM33/tests/autogenerated/ATM/include/TestSuite_Account_hxx.cpp    Method :</system-err>
  </testcase>
  <testcase classname="/ATM33/tests/autogenerated/ATM/include/TestSuite_Account_hxx.cpp" name="TestSuite_Account_hxx_a303efa6::test_setPassword_5" time="0">
    <failure type="Outcome" message="Outcome: int _cpptest_TestObject.myAccountNumber=0"/>
    <system-err>Trace 
Line :1019    File :/ATM33/tests/autogenerated/ATM/include/TestSuite_Account_hxx.cpp    Method :</system-err>
  </testcase>
  <testcase classname="/ATM33/tests/autogenerated/ATM/include/TestSuite_Account_hxx.cpp" name="TestSuite_Account_hxx_a303efa6::test_setPassword_5" time="0">
    <failure type="Outcome" message="Outcome: double _cpptest_TestObject.myBalance=-1.797693e+308"/>
    <system-err>Trace 
Line :1020    File :/ATM33/tests/autogenerated/ATM/include/TestSuite_Account_hxx.cpp    Method :</system-err>
  </testcase>
  <testcase classname="/ATM33/tests/autogenerated/ATM/include/TestSuite_Account_hxx.cpp" name="TestSuite_Account_hxx_a303efa6::test_setPassword_5" time="0">
    <failure type="Outcome" message="Outcome: ::std::string _cpptest_TestObject.myPassword=&quot;Hello world&quot;"/>
    <system-err>Trace 
Line :1021    File :/ATM33/tests/autogenerated/ATM/include/TestSuite_Account_hxx.cpp    Method :</system-err>
  </testcase>
  <testcase classname="/ATM33/tests/autogenerated/ATM/include/TestSuite_Account_hxx.cpp" name="TestSuite_Account_hxx_a303efa6::test_setPassword_6" time="0">
    <failure type="Outcome" message="Outcome: int _cpptest_TestObject.myAccountNumber=0"/>
    <system-err>Trace 
Line :1039    File :/ATM33/tests/autogenerated/ATM/include/TestSuite_Account_hxx.cpp    Method :</system-err>
  </testcase>
  <testcase classname="/ATM33/tests/autogenerated/ATM/include/TestSuite_Account_hxx.cpp" name="TestSuite_Account_hxx_a303efa6::test_setPassword_6" time="0">
    <failure type="Outcome" message="Outcome: double _cpptest_TestObject.myBalance=1.000000e+000"/>
    <system-err>Trace 
Line :1040    File :/ATM33/tests/autogenerated/ATM/include/TestSuite_Account_hxx.cpp    Method :</system-err>
  </testcase>
  <testcase classname="/ATM33/tests/autogenerated/ATM/include/TestSuite_Account_hxx.cpp" name="TestSuite_Account_hxx_a303efa6::test_setPassword_6" time="0">
    <failure type="Outcome" message="Outcome: ::std::string _cpptest_TestObject.myPassword=&quot;Hello world&quot;"/>
    <system-err>Trace 
Line :1041    File :/ATM33/tests/autogenerated/ATM/include/TestSuite_Account_hxx.cpp    Method :</system-err>
  </testcase>
  <testcase classname="/ATM33/tests/autogenerated/ATM/include/TestSuite_Account_hxx.cpp" name="TestSuite_Account_hxx_a303efa6::test_setPassword_7" time="0">
    <failure type="Outcome" message="Outcome: int _cpptest_TestObject.myAccountNumber=0"/>
    <system-err>Trace 
Line :1059    File :/ATM33/tests/autogenerated/ATM/include/TestSuite_Account_hxx.cpp    Method :</system-err>
  </testcase>
  <testcase classname="/ATM33/tests/autogenerated/ATM/include/TestSuite_Account_hxx.cpp" name="TestSuite_Account_hxx_a303efa6::test_setPassword_7" time="0">
    <failure type="Outcome" message="Outcome: double _cpptest_TestObject.myBalance=1.797693e+308"/>
    <system-err>Trace 
Line :1060    File :/ATM33/tests/autogenerated/ATM/include/TestSuite_Account_hxx.cpp    Method :</system-err>
  </testcase>
  <testcase classname="/ATM33/tests/autogenerated/ATM/include/TestSuite_Account_hxx.cpp" name="TestSuite_Account_hxx_a303efa6::test_setPassword_7" time="0">
    <failure type="Outcome" message="Outcome: ::std::string _cpptest_TestObject.myPassword=&quot;A very long string that is supposed to contain more than 256 characters in length...............................................................................................................................................................................&quot;"/>
    <system-err>Trace 
Line :1061    File :/ATM33/tests/autogenerated/ATM/include/TestSuite_Account_hxx.cpp    Method :</system-err>
  </testcase>
  <testcase classname="/ATM33/tests/autogenerated/ATM/include/TestSuite_Account_hxx.cpp" name="TestSuite_Account_hxx_a303efa6::test_setPassword_8" time="0">
    <failure type="Outcome" message="Outcome: int _cpptest_TestObject.myAccountNumber=0"/>
    <system-err>Trace 
Line :1079    File :/ATM33/tests/autogenerated/ATM/include/TestSuite_Account_hxx.cpp    Method :</system-err>
  </testcase>
  <testcase classname="/ATM33/tests/autogenerated/ATM/include/TestSuite_Account_hxx.cpp" name="TestSuite_Account_hxx_a303efa6::test_setPassword_8" time="0">
    <failure type="Outcome" message="Outcome: double _cpptest_TestObject.myBalance=2.225074e-308"/>
    <system-err>Trace 
Line :1080    File :/ATM33/tests/autogenerated/ATM/include/TestSuite_Account_hxx.cpp    Method :</system-err>
  </testcase>
  <testcase classname="/ATM33/tests/autogenerated/ATM/include/TestSuite_Account_hxx.cpp" name="TestSuite_Account_hxx_a303efa6::test_setPassword_8" time="0">
    <failure type="Outcome" message="Outcome: ::std::string _cpptest_TestObject.myPassword=&quot;A very long string that is supposed to contain more than 256 characters in length...............................................................................................................................................................................&quot;"/>
    <system-err>Trace 
Line :1081    File :/ATM33/tests/autogenerated/ATM/include/TestSuite_Account_hxx.cpp    Method :</system-err>
  </testcase>
</testsuite>
